<?xml version="1.0" encoding="UTF-8"?>
<coverage generated="1559353840669" clover="3.2.0">
  <project timestamp="1559353840669" name="All files">
    <metrics statements="147" coveredstatements="115" conditionals="74" coveredconditionals="54" methods="42" coveredmethods="35" elements="263" coveredelements="204" complexity="0" loc="147" ncloc="147" packages="6" files="6" classes="6"/>
    <package name="array">
      <metrics statements="7" coveredstatements="7" conditionals="2" coveredconditionals="2" methods="3" coveredmethods="3"/>
      <file name="index.ts" path="D:\frontend_related\practices\GitHubGoods\public\ts-utility-plugins\src\ddzy\utility\array\index.ts">
        <metrics statements="7" coveredstatements="7" conditionals="2" coveredconditionals="2" methods="3" coveredmethods="3"/>
        <line num="7" count="4" type="stmt"/>
        <line num="13" count="98" type="stmt"/>
        <line num="22" count="1" type="stmt"/>
        <line num="25" count="4" type="stmt"/>
        <line num="26" count="13" type="cond" truecount="2" falsecount="0"/>
        <line num="31" count="4" type="stmt"/>
        <line num="34" count="1" type="stmt"/>
      </file>
    </package>
    <package name="dom">
      <metrics statements="72" coveredstatements="46" conditionals="42" coveredconditionals="28" methods="20" coveredmethods="13"/>
      <file name="index.ts" path="D:\frontend_related\practices\GitHubGoods\public\ts-utility-plugins\src\ddzy\utility\dom\index.ts">
        <metrics statements="72" coveredstatements="46" conditionals="42" coveredconditionals="28" methods="20" coveredmethods="13"/>
        <line num="33" count="1" type="stmt"/>
        <line num="39" count="5" type="stmt"/>
        <line num="47" count="1" type="stmt"/>
        <line num="56" count="1" type="stmt"/>
        <line num="57" count="2" type="stmt"/>
        <line num="60" count="1" type="stmt"/>
        <line num="69" count="1" type="stmt"/>
        <line num="70" count="2" type="cond" truecount="1" falsecount="1"/>
        <line num="71" count="2" type="stmt"/>
        <line num="72" count="2" type="stmt"/>
        <line num="76" count="1" type="stmt"/>
        <line num="85" count="2" type="stmt"/>
        <line num="94" count="1" type="cond" truecount="2" falsecount="0"/>
        <line num="96" count="1" type="stmt"/>
        <line num="105" count="1" type="cond" truecount="2" falsecount="0"/>
        <line num="107" count="1" type="stmt"/>
        <line num="116" count="0" type="stmt"/>
        <line num="118" count="0" type="stmt"/>
        <line num="119" count="0" type="stmt"/>
        <line num="121" count="0" type="cond" truecount="0" falsecount="2"/>
        <line num="122" count="0" type="stmt"/>
        <line num="123" count="0" type="stmt"/>
        <line num="129" count="0" type="stmt"/>
        <line num="132" count="0" type="stmt"/>
        <line num="134" count="0" type="stmt"/>
        <line num="135" count="0" type="stmt"/>
        <line num="137" count="0" type="stmt"/>
        <line num="138" count="0" type="stmt"/>
        <line num="149" count="14" type="cond" truecount="3" falsecount="0"/>
        <line num="160" count="1" type="cond" truecount="1" falsecount="1"/>
        <line num="161" count="0" type="stmt"/>
        <line num="164" count="1" type="stmt"/>
        <line num="166" count="1" type="stmt"/>
        <line num="167" count="4" type="stmt"/>
        <line num="168" count="4" type="cond" truecount="2" falsecount="0"/>
        <line num="170" count="4" type="stmt"/>
        <line num="171" count="4" type="stmt"/>
        <line num="181" count="1" type="cond" truecount="1" falsecount="1"/>
        <line num="182" count="0" type="stmt"/>
        <line num="185" count="1" type="cond" truecount="2" falsecount="0"/>
        <line num="187" count="1" type="stmt"/>
        <line num="190" count="5" type="cond" truecount="2" falsecount="0"/>
        <line num="191" count="2" type="stmt"/>
        <line num="194" count="3" type="stmt"/>
        <line num="195" count="4" type="cond" truecount="2" falsecount="0"/>
        <line num="196" count="4" type="stmt"/>
        <line num="207" count="0" type="cond" truecount="0" falsecount="2"/>
        <line num="208" count="0" type="stmt"/>
        <line num="211" count="0" type="stmt"/>
        <line num="215" count="0" type="stmt"/>
        <line num="217" count="0" type="stmt"/>
        <line num="218" count="0" type="cond" truecount="0" falsecount="2"/>
        <line num="228" count="0" type="cond" truecount="0" falsecount="2"/>
        <line num="229" count="0" type="stmt"/>
        <line num="232" count="0" type="stmt"/>
        <line num="236" count="0" type="stmt"/>
        <line num="238" count="0" type="stmt"/>
        <line num="239" count="0" type="cond" truecount="0" falsecount="2"/>
        <line num="248" count="1" type="stmt"/>
        <line num="250" count="1" type="stmt"/>
        <line num="251" count="2" type="stmt"/>
        <line num="252" count="2" type="stmt"/>
        <line num="255" count="1" type="stmt"/>
        <line num="263" count="8" type="stmt"/>
        <line num="264" count="8" type="stmt"/>
        <line num="267" count="8" type="cond" truecount="2" falsecount="0"/>
        <line num="268" count="7" type="cond" truecount="2" falsecount="0"/>
        <line num="269" count="2" type="stmt"/>
        <line num="270" count="5" type="cond" truecount="2" falsecount="0"/>
        <line num="271" count="3" type="cond" truecount="2" falsecount="0"/>
        <line num="273" count="2" type="cond" truecount="2" falsecount="0"/>
        <line num="277" count="1" type="stmt"/>
      </file>
    </package>
    <package name="function">
      <metrics statements="25" coveredstatements="20" conditionals="6" coveredconditionals="4" methods="5" coveredmethods="5"/>
      <file name="index.ts" path="D:\frontend_related\practices\GitHubGoods\public\ts-utility-plugins\src\ddzy\utility\function\index.ts">
        <metrics statements="25" coveredstatements="20" conditionals="6" coveredconditionals="4" methods="5" coveredmethods="5"/>
        <line num="12" count="1" type="stmt"/>
        <line num="19" count="5" type="stmt"/>
        <line num="24" count="2" type="stmt"/>
        <line num="26" count="2" type="cond" truecount="1" falsecount="1"/>
        <line num="27" count="0" type="stmt"/>
        <line num="29" count="0" type="stmt"/>
        <line num="30" count="0" type="stmt"/>
        <line num="31" count="0" type="stmt"/>
        <line num="33" count="2" type="stmt"/>
        <line num="34" count="2" type="stmt"/>
        <line num="35" count="2" type="stmt"/>
        <line num="40" count="1" type="stmt"/>
        <line num="41" count="1" type="stmt"/>
        <line num="43" count="1" type="stmt"/>
        <line num="44" count="1" type="stmt"/>
        <line num="54" count="3" type="cond" truecount="1" falsecount="1"/>
        <line num="55" count="0" type="stmt"/>
        <line num="58" count="3" type="stmt"/>
        <line num="59" count="3" type="stmt"/>
        <line num="60" count="3" type="stmt"/>
        <line num="61" count="3" type="stmt"/>
        <line num="63" count="3" type="cond" truecount="2" falsecount="0"/>
        <line num="64" count="2" type="stmt"/>
        <line num="65" count="2" type="stmt"/>
        <line num="68" count="3" type="stmt"/>
      </file>
    </package>
    <package name="number">
      <metrics statements="4" coveredstatements="4" conditionals="0" coveredconditionals="0" methods="3" coveredmethods="3"/>
      <file name="index.ts" path="D:\frontend_related\practices\GitHubGoods\public\ts-utility-plugins\src\ddzy\utility\number\index.ts">
        <metrics statements="4" coveredstatements="4" conditionals="0" coveredconditionals="0" methods="3" coveredmethods="3"/>
        <line num="7" count="1" type="stmt"/>
        <line num="15" count="3" type="stmt"/>
        <line num="24" count="3" type="stmt"/>
        <line num="32" count="5" type="stmt"/>
      </file>
    </package>
    <package name="object">
      <metrics statements="2" coveredstatements="2" conditionals="2" coveredconditionals="2" methods="1" coveredmethods="1"/>
      <file name="index.ts" path="D:\frontend_related\practices\GitHubGoods\public\ts-utility-plugins\src\ddzy\utility\object\index.ts">
        <metrics statements="2" coveredstatements="2" conditionals="2" coveredconditionals="2" methods="1" coveredmethods="1"/>
        <line num="6" count="4" type="stmt"/>
        <line num="12" count="130" type="cond" truecount="2" falsecount="0"/>
      </file>
    </package>
    <package name="others">
      <metrics statements="37" coveredstatements="36" conditionals="22" coveredconditionals="18" methods="10" coveredmethods="10"/>
      <file name="index.ts" path="D:\frontend_related\practices\GitHubGoods\public\ts-utility-plugins\src\ddzy\utility\others\index.ts">
        <metrics statements="37" coveredstatements="36" conditionals="22" coveredconditionals="18" methods="10" coveredmethods="10"/>
        <line num="17" count="3" type="stmt"/>
        <line num="24" count="1" type="cond" truecount="1" falsecount="1"/>
        <line num="25" count="0" type="stmt"/>
        <line num="36" count="2" type="stmt"/>
        <line num="38" count="2" type="stmt"/>
        <line num="39" count="1" type="stmt"/>
        <line num="48" count="71" type="cond" truecount="6" falsecount="0"/>
        <line num="61" count="9" type="stmt"/>
        <line num="69" count="9" type="cond" truecount="2" falsecount="0"/>
        <line num="78" count="5" type="stmt"/>
        <line num="81" count="35" type="stmt"/>
        <line num="82" count="85" type="stmt"/>
        <line num="85" count="85" type="cond" truecount="2" falsecount="0"/>
        <line num="86" count="10" type="stmt"/>
        <line num="87" count="10" type="stmt"/>
        <line num="90" count="75" type="cond" truecount="2" falsecount="0"/>
        <line num="91" count="15" type="stmt"/>
        <line num="92" count="15" type="stmt"/>
        <line num="94" count="35" type="cond" truecount="2" falsecount="0"/>
        <line num="95" count="20" type="stmt"/>
        <line num="96" count="20" type="stmt"/>
        <line num="101" count="15" type="stmt"/>
        <line num="106" count="60" type="cond" truecount="1" falsecount="1"/>
        <line num="107" count="60" type="stmt"/>
        <line num="113" count="35" type="stmt"/>
        <line num="116" count="5" type="stmt"/>
        <line num="124" count="4" type="stmt"/>
        <line num="125" count="4" type="stmt"/>
        <line num="126" count="4" type="stmt"/>
        <line num="128" count="4" type="stmt"/>
        <line num="130" count="4" type="cond" truecount="1" falsecount="1"/>
        <line num="131" count="4" type="stmt"/>
        <line num="132" count="4" type="cond" truecount="1" falsecount="1"/>
        <line num="133" count="4" type="stmt"/>
        <line num="134" count="9" type="stmt"/>
        <line num="136" count="9" type="stmt"/>
        <line num="141" count="4" type="stmt"/>
      </file>
    </package>
  </project>
</coverage>
