{"D:\\frontend_related\\practices\\GitHubGoods\\public\\ts-utility-plugins\\src\\ddzy\\utility\\algorithm\\index.ts": {"path":"D:\\frontend_related\\practices\\GitHubGoods\\public\\ts-utility-plugins\\src\\ddzy\\utility\\algorithm\\index.ts","statementMap":{"0":{"start":{"line":10,"column":49},"end":{"line":13,"column":1}}},"fnMap":{},"branchMap":{},"s":{"0":1},"f":{},"b":{},"_coverageSchema":"43e27e138ebf9cfc5966b082cf9a028302ed4184","hash":"313eca298c456cb4b79e6822602a48c9613faeb9"}
,"D:\\frontend_related\\practices\\GitHubGoods\\public\\ts-utility-plugins\\src\\ddzy\\utility\\algorithm\\binary-search-tree\\index.ts": {"path":"D:\\frontend_related\\practices\\GitHubGoods\\public\\ts-utility-plugins\\src\\ddzy\\utility\\algorithm\\binary-search-tree\\index.ts","statementMap":{"0":{"start":{"line":24,"column":4},"end":{"line":26,"column":5}},"1":{"start":{"line":25,"column":6},"end":{"line":25,"column":14}},"2":{"start":{"line":27,"column":4},"end":{"line":30,"column":6}},"3":{"start":{"line":33,"column":64},"end":{"line":35,"column":3}},"4":{"start":{"line":40,"column":4},"end":{"line":40,"column":25}},"5":{"start":{"line":43,"column":51},"end":{"line":45,"column":3}},"6":{"start":{"line":50,"column":4},"end":{"line":50,"column":27}},"7":{"start":{"line":51,"column":4},"end":{"line":51,"column":21}},"8":{"start":{"line":57,"column":4},"end":{"line":63,"column":5}},"9":{"start":{"line":58,"column":6},"end":{"line":62,"column":10}},"10":{"start":{"line":67,"column":22},"end":{"line":67,"column":51}},"11":{"start":{"line":69,"column":4},"end":{"line":71,"column":5}},"12":{"start":{"line":70,"column":6},"end":{"line":70,"column":31}},"13":{"start":{"line":78,"column":4},"end":{"line":105,"column":5}},"14":{"start":{"line":80,"column":6},"end":{"line":80,"column":32}},"15":{"start":{"line":83,"column":6},"end":{"line":86,"column":7}},"16":{"start":{"line":85,"column":8},"end":{"line":85,"column":30}},"17":{"start":{"line":87,"column":6},"end":{"line":104,"column":7}},"18":{"start":{"line":88,"column":8},"end":{"line":94,"column":9}},"19":{"start":{"line":89,"column":10},"end":{"line":89,"column":30}},"20":{"start":{"line":90,"column":10},"end":{"line":90,"column":32}},"21":{"start":{"line":93,"column":10},"end":{"line":93,"column":54}},"22":{"start":{"line":96,"column":11},"end":{"line":104,"column":7}},"23":{"start":{"line":97,"column":8},"end":{"line":103,"column":9}},"24":{"start":{"line":98,"column":10},"end":{"line":98,"column":31}},"25":{"start":{"line":99,"column":10},"end":{"line":99,"column":32}},"26":{"start":{"line":102,"column":10},"end":{"line":102,"column":55}},"27":{"start":{"line":112,"column":4},"end":{"line":134,"column":5}},"28":{"start":{"line":113,"column":6},"end":{"line":113,"column":13}},"29":{"start":{"line":116,"column":6},"end":{"line":127,"column":7}},"30":{"start":{"line":117,"column":8},"end":{"line":126,"column":9}},"31":{"start":{"line":118,"column":10},"end":{"line":118,"column":39}},"32":{"start":{"line":119,"column":10},"end":{"line":119,"column":41}},"33":{"start":{"line":120,"column":10},"end":{"line":122,"column":11}},"34":{"start":{"line":121,"column":12},"end":{"line":121,"column":42}},"35":{"start":{"line":123,"column":10},"end":{"line":125,"column":11}},"36":{"start":{"line":124,"column":12},"end":{"line":124,"column":44}},"37":{"start":{"line":128,"column":6},"end":{"line":130,"column":7}},"38":{"start":{"line":129,"column":8},"end":{"line":129,"column":50}},"39":{"start":{"line":131,"column":6},"end":{"line":133,"column":7}},"40":{"start":{"line":132,"column":8},"end":{"line":132,"column":51}},"41":{"start":{"line":141,"column":4},"end":{"line":164,"column":5}},"42":{"start":{"line":143,"column":6},"end":{"line":143,"column":51}},"43":{"start":{"line":147,"column":6},"end":{"line":163,"column":7}},"44":{"start":{"line":148,"column":27},"end":{"line":148,"column":28}},"45":{"start":{"line":150,"column":8},"end":{"line":157,"column":11}},"46":{"start":{"line":151,"column":10},"end":{"line":156,"column":11}},"47":{"start":{"line":152,"column":37},"end":{"line":152,"column":48}},"48":{"start":{"line":153,"column":12},"end":{"line":155,"column":13}},"49":{"start":{"line":154,"column":14},"end":{"line":154,"column":29}},"50":{"start":{"line":159,"column":8},"end":{"line":159,"column":28}},"51":{"start":{"line":162,"column":8},"end":{"line":162,"column":17}},"52":{"start":{"line":171,"column":17},"end":{"line":171,"column":22}},"53":{"start":{"line":173,"column":4},"end":{"line":177,"column":7}},"54":{"start":{"line":174,"column":6},"end":{"line":176,"column":7}},"55":{"start":{"line":175,"column":8},"end":{"line":175,"column":22}},"56":{"start":{"line":179,"column":4},"end":{"line":179,"column":18}},"57":{"start":{"line":186,"column":4},"end":{"line":193,"column":5}},"58":{"start":{"line":187,"column":6},"end":{"line":187,"column":13}},"59":{"start":{"line":190,"column":6},"end":{"line":190,"column":21}},"60":{"start":{"line":191,"column":6},"end":{"line":191,"column":79}},"61":{"start":{"line":192,"column":6},"end":{"line":192,"column":81}},"62":{"start":{"line":200,"column":4},"end":{"line":207,"column":5}},"63":{"start":{"line":201,"column":6},"end":{"line":201,"column":13}},"64":{"start":{"line":204,"column":6},"end":{"line":204,"column":79}},"65":{"start":{"line":205,"column":6},"end":{"line":205,"column":21}},"66":{"start":{"line":206,"column":6},"end":{"line":206,"column":81}},"67":{"start":{"line":214,"column":4},"end":{"line":221,"column":5}},"68":{"start":{"line":215,"column":6},"end":{"line":215,"column":13}},"69":{"start":{"line":218,"column":6},"end":{"line":218,"column":79}},"70":{"start":{"line":219,"column":6},"end":{"line":219,"column":81}},"71":{"start":{"line":220,"column":6},"end":{"line":220,"column":21}},"72":{"start":{"line":228,"column":4},"end":{"line":247,"column":5}},"73":{"start":{"line":230,"column":6},"end":{"line":232,"column":7}},"74":{"start":{"line":231,"column":8},"end":{"line":231,"column":17}},"75":{"start":{"line":234,"column":6},"end":{"line":234,"column":40}},"76":{"start":{"line":238,"column":33},"end":{"line":238,"column":34}},"77":{"start":{"line":240,"column":6},"end":{"line":244,"column":9}},"78":{"start":{"line":241,"column":8},"end":{"line":243,"column":9}},"79":{"start":{"line":242,"column":10},"end":{"line":242,"column":70}},"80":{"start":{"line":246,"column":6},"end":{"line":246,"column":26}},"81":{"start":{"line":251,"column":31},"end":{"line":251,"column":33}},"82":{"start":{"line":253,"column":4},"end":{"line":257,"column":7}},"83":{"start":{"line":254,"column":6},"end":{"line":256,"column":7}},"84":{"start":{"line":255,"column":8},"end":{"line":255,"column":26}},"85":{"start":{"line":259,"column":4},"end":{"line":259,"column":18}},"86":{"start":{"line":265,"column":18},"end":{"line":265,"column":22}},"87":{"start":{"line":266,"column":32},"end":{"line":266,"column":36}},"88":{"start":{"line":268,"column":4},"end":{"line":279,"column":5}},"89":{"start":{"line":269,"column":6},"end":{"line":274,"column":7}},"90":{"start":{"line":270,"column":8},"end":{"line":273,"column":9}},"91":{"start":{"line":271,"column":10},"end":{"line":271,"column":33}},"92":{"start":{"line":272,"column":10},"end":{"line":272,"column":16}},"93":{"start":{"line":275,"column":6},"end":{"line":275,"column":20}},"94":{"start":{"line":278,"column":6},"end":{"line":278,"column":20}},"95":{"start":{"line":285,"column":18},"end":{"line":285,"column":22}},"96":{"start":{"line":286,"column":32},"end":{"line":286,"column":36}},"97":{"start":{"line":288,"column":4},"end":{"line":299,"column":5}},"98":{"start":{"line":289,"column":6},"end":{"line":294,"column":7}},"99":{"start":{"line":290,"column":8},"end":{"line":293,"column":9}},"100":{"start":{"line":291,"column":10},"end":{"line":291,"column":33}},"101":{"start":{"line":292,"column":10},"end":{"line":292,"column":16}},"102":{"start":{"line":295,"column":6},"end":{"line":295,"column":20}},"103":{"start":{"line":298,"column":6},"end":{"line":298,"column":20}},"104":{"start":{"line":309,"column":22},"end":{"line":309,"column":26}},"105":{"start":{"line":310,"column":20},"end":{"line":312,"column":6}},"106":{"start":{"line":314,"column":4},"end":{"line":314,"column":49}},"107":{"start":{"line":316,"column":4},"end":{"line":316,"column":16}},"108":{"start":{"line":326,"column":22},"end":{"line":326,"column":26}},"109":{"start":{"line":328,"column":4},"end":{"line":328,"column":47}},"110":{"start":{"line":330,"column":4},"end":{"line":330,"column":16}},"111":{"start":{"line":340,"column":21},"end":{"line":340,"column":31}},"112":{"start":{"line":342,"column":4},"end":{"line":342,"column":50}},"113":{"start":{"line":352,"column":21},"end":{"line":352,"column":31}},"114":{"start":{"line":354,"column":4},"end":{"line":354,"column":50}},"115":{"start":{"line":364,"column":21},"end":{"line":364,"column":31}},"116":{"start":{"line":366,"column":4},"end":{"line":366,"column":57}},"117":{"start":{"line":368,"column":4},"end":{"line":368,"column":16}},"118":{"start":{"line":378,"column":21},"end":{"line":378,"column":31}},"119":{"start":{"line":380,"column":4},"end":{"line":380,"column":58}},"120":{"start":{"line":382,"column":4},"end":{"line":382,"column":16}},"121":{"start":{"line":392,"column":21},"end":{"line":392,"column":31}},"122":{"start":{"line":394,"column":4},"end":{"line":394,"column":56}},"123":{"start":{"line":396,"column":4},"end":{"line":396,"column":16}},"124":{"start":{"line":406,"column":21},"end":{"line":406,"column":31}},"125":{"start":{"line":408,"column":4},"end":{"line":408,"column":51}},"126":{"start":{"line":415,"column":4},"end":{"line":415,"column":40}},"127":{"start":{"line":419,"column":21},"end":{"line":419,"column":31}},"128":{"start":{"line":421,"column":4},"end":{"line":421,"column":16}},"129":{"start":{"line":428,"column":21},"end":{"line":428,"column":31}},"130":{"start":{"line":430,"column":4},"end":{"line":430,"column":46}},"131":{"start":{"line":437,"column":21},"end":{"line":437,"column":31}},"132":{"start":{"line":439,"column":4},"end":{"line":439,"column":46}}},"fnMap":{"0":{"name":"(anonymous_0)","decl":{"start":{"line":21,"column":2},"end":{"line":21,"column":3}},"loc":{"start":{"line":23,"column":12},"end":{"line":31,"column":3}},"line":23},"1":{"name":"(anonymous_1)","decl":{"start":{"line":37,"column":2},"end":{"line":37,"column":3}},"loc":{"start":{"line":39,"column":4},"end":{"line":41,"column":3}},"line":39},"2":{"name":"(anonymous_2)","decl":{"start":{"line":47,"column":2},"end":{"line":47,"column":3}},"loc":{"start":{"line":49,"column":10},"end":{"line":52,"column":3}},"line":49},"3":{"name":"(anonymous_3)","decl":{"start":{"line":54,"column":2},"end":{"line":54,"column":3}},"loc":{"start":{"line":56,"column":10},"end":{"line":64,"column":3}},"line":56},"4":{"name":"(anonymous_4)","decl":{"start":{"line":66,"column":2},"end":{"line":66,"column":3}},"loc":{"start":{"line":66,"column":28},"end":{"line":72,"column":3}},"line":66},"5":{"name":"(anonymous_5)","decl":{"start":{"line":74,"column":2},"end":{"line":74,"column":3}},"loc":{"start":{"line":77,"column":10},"end":{"line":106,"column":3}},"line":77},"6":{"name":"(anonymous_6)","decl":{"start":{"line":108,"column":2},"end":{"line":108,"column":3}},"loc":{"start":{"line":111,"column":10},"end":{"line":135,"column":3}},"line":111},"7":{"name":"(anonymous_7)","decl":{"start":{"line":137,"column":2},"end":{"line":137,"column":3}},"loc":{"start":{"line":140,"column":12},"end":{"line":165,"column":3}},"line":140},"8":{"name":"(anonymous_8)","decl":{"start":{"line":150,"column":39},"end":{"line":150,"column":40}},"loc":{"start":{"line":150,"column":56},"end":{"line":157,"column":9}},"line":150},"9":{"name":"(anonymous_9)","decl":{"start":{"line":167,"column":2},"end":{"line":167,"column":3}},"loc":{"start":{"line":170,"column":13},"end":{"line":180,"column":3}},"line":170},"10":{"name":"(anonymous_10)","decl":{"start":{"line":173,"column":47},"end":{"line":173,"column":48}},"loc":{"start":{"line":173,"column":64},"end":{"line":177,"column":5}},"line":173},"11":{"name":"(anonymous_11)","decl":{"start":{"line":182,"column":2},"end":{"line":182,"column":3}},"loc":{"start":{"line":185,"column":10},"end":{"line":194,"column":3}},"line":185},"12":{"name":"(anonymous_12)","decl":{"start":{"line":196,"column":2},"end":{"line":196,"column":3}},"loc":{"start":{"line":199,"column":10},"end":{"line":208,"column":3}},"line":199},"13":{"name":"(anonymous_13)","decl":{"start":{"line":210,"column":2},"end":{"line":210,"column":3}},"loc":{"start":{"line":213,"column":10},"end":{"line":222,"column":3}},"line":213},"14":{"name":"(anonymous_14)","decl":{"start":{"line":224,"column":2},"end":{"line":224,"column":3}},"loc":{"start":{"line":227,"column":12},"end":{"line":248,"column":3}},"line":227},"15":{"name":"(anonymous_15)","decl":{"start":{"line":240,"column":37},"end":{"line":240,"column":38}},"loc":{"start":{"line":240,"column":54},"end":{"line":244,"column":7}},"line":240},"16":{"name":"(anonymous_16)","decl":{"start":{"line":250,"column":2},"end":{"line":250,"column":3}},"loc":{"start":{"line":250,"column":46},"end":{"line":260,"column":3}},"line":250},"17":{"name":"(anonymous_17)","decl":{"start":{"line":253,"column":35},"end":{"line":253,"column":36}},"loc":{"start":{"line":253,"column":45},"end":{"line":257,"column":5}},"line":253},"18":{"name":"(anonymous_18)","decl":{"start":{"line":262,"column":2},"end":{"line":262,"column":3}},"loc":{"start":{"line":264,"column":19},"end":{"line":280,"column":3}},"line":264},"19":{"name":"(anonymous_19)","decl":{"start":{"line":282,"column":2},"end":{"line":282,"column":3}},"loc":{"start":{"line":284,"column":19},"end":{"line":300,"column":3}},"line":284},"20":{"name":"(anonymous_20)","decl":{"start":{"line":306,"column":2},"end":{"line":306,"column":3}},"loc":{"start":{"line":308,"column":22},"end":{"line":317,"column":3}},"line":308},"21":{"name":"(anonymous_21)","decl":{"start":{"line":323,"column":2},"end":{"line":323,"column":3}},"loc":{"start":{"line":325,"column":22},"end":{"line":331,"column":3}},"line":325},"22":{"name":"(anonymous_22)","decl":{"start":{"line":337,"column":2},"end":{"line":337,"column":3}},"loc":{"start":{"line":339,"column":12},"end":{"line":343,"column":3}},"line":339},"23":{"name":"(anonymous_23)","decl":{"start":{"line":349,"column":2},"end":{"line":349,"column":3}},"loc":{"start":{"line":351,"column":13},"end":{"line":355,"column":3}},"line":351},"24":{"name":"(anonymous_24)","decl":{"start":{"line":361,"column":2},"end":{"line":361,"column":3}},"loc":{"start":{"line":363,"column":22},"end":{"line":369,"column":3}},"line":363},"25":{"name":"(anonymous_25)","decl":{"start":{"line":375,"column":2},"end":{"line":375,"column":3}},"loc":{"start":{"line":377,"column":22},"end":{"line":383,"column":3}},"line":377},"26":{"name":"(anonymous_26)","decl":{"start":{"line":389,"column":2},"end":{"line":389,"column":3}},"loc":{"start":{"line":391,"column":22},"end":{"line":397,"column":3}},"line":391},"27":{"name":"(anonymous_27)","decl":{"start":{"line":403,"column":2},"end":{"line":403,"column":3}},"loc":{"start":{"line":405,"column":12},"end":{"line":409,"column":3}},"line":405},"28":{"name":"(anonymous_28)","decl":{"start":{"line":414,"column":2},"end":{"line":414,"column":3}},"loc":{"start":{"line":414,"column":39},"end":{"line":416,"column":3}},"line":414},"29":{"name":"(anonymous_29)","decl":{"start":{"line":418,"column":2},"end":{"line":418,"column":3}},"loc":{"start":{"line":418,"column":42},"end":{"line":422,"column":3}},"line":418},"30":{"name":"(anonymous_30)","decl":{"start":{"line":427,"column":2},"end":{"line":427,"column":3}},"loc":{"start":{"line":427,"column":44},"end":{"line":431,"column":3}},"line":427},"31":{"name":"(anonymous_31)","decl":{"start":{"line":436,"column":2},"end":{"line":436,"column":3}},"loc":{"start":{"line":436,"column":44},"end":{"line":440,"column":3}},"line":436}},"branchMap":{"0":{"loc":{"start":{"line":24,"column":4},"end":{"line":26,"column":5}},"type":"if","locations":[{"start":{"line":24,"column":4},"end":{"line":26,"column":5}},{"start":{"line":24,"column":4},"end":{"line":26,"column":5}}],"line":24},"1":{"loc":{"start":{"line":78,"column":4},"end":{"line":105,"column":5}},"type":"if","locations":[{"start":{"line":78,"column":4},"end":{"line":105,"column":5}},{"start":{"line":78,"column":4},"end":{"line":105,"column":5}}],"line":78},"2":{"loc":{"start":{"line":83,"column":6},"end":{"line":86,"column":7}},"type":"if","locations":[{"start":{"line":83,"column":6},"end":{"line":86,"column":7}},{"start":{"line":83,"column":6},"end":{"line":86,"column":7}}],"line":83},"3":{"loc":{"start":{"line":83,"column":10},"end":{"line":83,"column":41}},"type":"binary-expr","locations":[{"start":{"line":83,"column":10},"end":{"line":83,"column":23}},{"start":{"line":83,"column":27},"end":{"line":83,"column":41}}],"line":83},"4":{"loc":{"start":{"line":87,"column":6},"end":{"line":104,"column":7}},"type":"if","locations":[{"start":{"line":87,"column":6},"end":{"line":104,"column":7}},{"start":{"line":87,"column":6},"end":{"line":104,"column":7}}],"line":87},"5":{"loc":{"start":{"line":88,"column":8},"end":{"line":94,"column":9}},"type":"if","locations":[{"start":{"line":88,"column":8},"end":{"line":94,"column":9}},{"start":{"line":88,"column":8},"end":{"line":94,"column":9}}],"line":88},"6":{"loc":{"start":{"line":96,"column":11},"end":{"line":104,"column":7}},"type":"if","locations":[{"start":{"line":96,"column":11},"end":{"line":104,"column":7}},{"start":{"line":96,"column":11},"end":{"line":104,"column":7}}],"line":96},"7":{"loc":{"start":{"line":97,"column":8},"end":{"line":103,"column":9}},"type":"if","locations":[{"start":{"line":97,"column":8},"end":{"line":103,"column":9}},{"start":{"line":97,"column":8},"end":{"line":103,"column":9}}],"line":97},"8":{"loc":{"start":{"line":112,"column":4},"end":{"line":134,"column":5}},"type":"if","locations":[{"start":{"line":112,"column":4},"end":{"line":134,"column":5}},{"start":{"line":112,"column":4},"end":{"line":134,"column":5}}],"line":112},"9":{"loc":{"start":{"line":116,"column":6},"end":{"line":127,"column":7}},"type":"if","locations":[{"start":{"line":116,"column":6},"end":{"line":127,"column":7}},{"start":{"line":116,"column":6},"end":{"line":127,"column":7}}],"line":116},"10":{"loc":{"start":{"line":117,"column":8},"end":{"line":126,"column":9}},"type":"if","locations":[{"start":{"line":117,"column":8},"end":{"line":126,"column":9}},{"start":{"line":117,"column":8},"end":{"line":126,"column":9}}],"line":117},"11":{"loc":{"start":{"line":120,"column":10},"end":{"line":122,"column":11}},"type":"if","locations":[{"start":{"line":120,"column":10},"end":{"line":122,"column":11}},{"start":{"line":120,"column":10},"end":{"line":122,"column":11}}],"line":120},"12":{"loc":{"start":{"line":123,"column":10},"end":{"line":125,"column":11}},"type":"if","locations":[{"start":{"line":123,"column":10},"end":{"line":125,"column":11}},{"start":{"line":123,"column":10},"end":{"line":125,"column":11}}],"line":123},"13":{"loc":{"start":{"line":128,"column":6},"end":{"line":130,"column":7}},"type":"if","locations":[{"start":{"line":128,"column":6},"end":{"line":130,"column":7}},{"start":{"line":128,"column":6},"end":{"line":130,"column":7}}],"line":128},"14":{"loc":{"start":{"line":131,"column":6},"end":{"line":133,"column":7}},"type":"if","locations":[{"start":{"line":131,"column":6},"end":{"line":133,"column":7}},{"start":{"line":131,"column":6},"end":{"line":133,"column":7}}],"line":131},"15":{"loc":{"start":{"line":141,"column":4},"end":{"line":164,"column":5}},"type":"if","locations":[{"start":{"line":141,"column":4},"end":{"line":164,"column":5}},{"start":{"line":141,"column":4},"end":{"line":164,"column":5}}],"line":141},"16":{"loc":{"start":{"line":147,"column":6},"end":{"line":163,"column":7}},"type":"if","locations":[{"start":{"line":147,"column":6},"end":{"line":163,"column":7}},{"start":{"line":147,"column":6},"end":{"line":163,"column":7}}],"line":147},"17":{"loc":{"start":{"line":151,"column":10},"end":{"line":156,"column":11}},"type":"if","locations":[{"start":{"line":151,"column":10},"end":{"line":156,"column":11}},{"start":{"line":151,"column":10},"end":{"line":156,"column":11}}],"line":151},"18":{"loc":{"start":{"line":174,"column":6},"end":{"line":176,"column":7}},"type":"if","locations":[{"start":{"line":174,"column":6},"end":{"line":176,"column":7}},{"start":{"line":174,"column":6},"end":{"line":176,"column":7}}],"line":174},"19":{"loc":{"start":{"line":186,"column":4},"end":{"line":193,"column":5}},"type":"if","locations":[{"start":{"line":186,"column":4},"end":{"line":193,"column":5}},{"start":{"line":186,"column":4},"end":{"line":193,"column":5}}],"line":186},"20":{"loc":{"start":{"line":191,"column":6},"end":{"line":191,"column":78}},"type":"binary-expr","locations":[{"start":{"line":191,"column":6},"end":{"line":191,"column":15}},{"start":{"line":191,"column":20},"end":{"line":191,"column":77}}],"line":191},"21":{"loc":{"start":{"line":192,"column":6},"end":{"line":192,"column":80}},"type":"binary-expr","locations":[{"start":{"line":192,"column":6},"end":{"line":192,"column":16}},{"start":{"line":192,"column":21},"end":{"line":192,"column":79}}],"line":192},"22":{"loc":{"start":{"line":200,"column":4},"end":{"line":207,"column":5}},"type":"if","locations":[{"start":{"line":200,"column":4},"end":{"line":207,"column":5}},{"start":{"line":200,"column":4},"end":{"line":207,"column":5}}],"line":200},"23":{"loc":{"start":{"line":204,"column":6},"end":{"line":204,"column":78}},"type":"binary-expr","locations":[{"start":{"line":204,"column":6},"end":{"line":204,"column":15}},{"start":{"line":204,"column":20},"end":{"line":204,"column":77}}],"line":204},"24":{"loc":{"start":{"line":206,"column":6},"end":{"line":206,"column":80}},"type":"binary-expr","locations":[{"start":{"line":206,"column":6},"end":{"line":206,"column":16}},{"start":{"line":206,"column":21},"end":{"line":206,"column":79}}],"line":206},"25":{"loc":{"start":{"line":214,"column":4},"end":{"line":221,"column":5}},"type":"if","locations":[{"start":{"line":214,"column":4},"end":{"line":221,"column":5}},{"start":{"line":214,"column":4},"end":{"line":221,"column":5}}],"line":214},"26":{"loc":{"start":{"line":218,"column":6},"end":{"line":218,"column":78}},"type":"binary-expr","locations":[{"start":{"line":218,"column":6},"end":{"line":218,"column":15}},{"start":{"line":218,"column":20},"end":{"line":218,"column":77}}],"line":218},"27":{"loc":{"start":{"line":219,"column":6},"end":{"line":219,"column":80}},"type":"binary-expr","locations":[{"start":{"line":219,"column":6},"end":{"line":219,"column":16}},{"start":{"line":219,"column":21},"end":{"line":219,"column":79}}],"line":219},"28":{"loc":{"start":{"line":228,"column":4},"end":{"line":247,"column":5}},"type":"if","locations":[{"start":{"line":228,"column":4},"end":{"line":247,"column":5}},{"start":{"line":228,"column":4},"end":{"line":247,"column":5}}],"line":228},"29":{"loc":{"start":{"line":230,"column":6},"end":{"line":232,"column":7}},"type":"if","locations":[{"start":{"line":230,"column":6},"end":{"line":232,"column":7}},{"start":{"line":230,"column":6},"end":{"line":232,"column":7}}],"line":230},"30":{"loc":{"start":{"line":241,"column":8},"end":{"line":243,"column":9}},"type":"if","locations":[{"start":{"line":241,"column":8},"end":{"line":243,"column":9}},{"start":{"line":241,"column":8},"end":{"line":243,"column":9}}],"line":241},"31":{"loc":{"start":{"line":254,"column":6},"end":{"line":256,"column":7}},"type":"if","locations":[{"start":{"line":254,"column":6},"end":{"line":256,"column":7}},{"start":{"line":254,"column":6},"end":{"line":256,"column":7}}],"line":254},"32":{"loc":{"start":{"line":254,"column":10},"end":{"line":254,"column":35}},"type":"binary-expr","locations":[{"start":{"line":254,"column":10},"end":{"line":254,"column":20}},{"start":{"line":254,"column":24},"end":{"line":254,"column":35}}],"line":254},"33":{"loc":{"start":{"line":268,"column":4},"end":{"line":279,"column":5}},"type":"if","locations":[{"start":{"line":268,"column":4},"end":{"line":279,"column":5}},{"start":{"line":268,"column":4},"end":{"line":279,"column":5}}],"line":268},"34":{"loc":{"start":{"line":270,"column":8},"end":{"line":273,"column":9}},"type":"if","locations":[{"start":{"line":270,"column":8},"end":{"line":273,"column":9}},{"start":{"line":270,"column":8},"end":{"line":273,"column":9}}],"line":270},"35":{"loc":{"start":{"line":270,"column":12},"end":{"line":270,"column":43}},"type":"binary-expr","locations":[{"start":{"line":270,"column":12},"end":{"line":270,"column":25}},{"start":{"line":270,"column":29},"end":{"line":270,"column":43}}],"line":270},"36":{"loc":{"start":{"line":288,"column":4},"end":{"line":299,"column":5}},"type":"if","locations":[{"start":{"line":288,"column":4},"end":{"line":299,"column":5}},{"start":{"line":288,"column":4},"end":{"line":299,"column":5}}],"line":288},"37":{"loc":{"start":{"line":290,"column":8},"end":{"line":293,"column":9}},"type":"if","locations":[{"start":{"line":290,"column":8},"end":{"line":293,"column":9}},{"start":{"line":290,"column":8},"end":{"line":293,"column":9}}],"line":290},"38":{"loc":{"start":{"line":290,"column":12},"end":{"line":290,"column":43}},"type":"binary-expr","locations":[{"start":{"line":290,"column":12},"end":{"line":290,"column":25}},{"start":{"line":290,"column":29},"end":{"line":290,"column":43}}],"line":290}},"s":{"0":71,"1":38,"2":33,"3":1,"4":1,"5":1,"6":1,"7":1,"8":1,"9":1,"10":1,"11":1,"12":11,"13":51,"14":1,"15":50,"16":50,"17":50,"18":5,"19":4,"20":4,"21":1,"22":45,"23":45,"24":9,"25":9,"26":36,"27":21,"28":0,"29":21,"30":3,"31":3,"32":3,"33":3,"34":0,"35":3,"36":2,"37":21,"38":0,"39":21,"40":18,"41":5,"42":2,"43":3,"44":3,"45":3,"46":33,"47":3,"48":3,"49":9,"50":3,"51":0,"52":20,"53":20,"54":229,"55":17,"56":20,"57":348,"58":0,"59":348,"60":348,"61":348,"62":1,"63":0,"64":1,"65":1,"66":1,"67":1,"68":0,"69":1,"70":1,"71":1,"72":4,"73":1,"74":0,"75":1,"76":3,"77":3,"78":33,"79":3,"80":3,"81":1,"82":1,"83":11,"84":5,"85":1,"86":1,"87":1,"88":1,"89":1,"90":1,"91":1,"92":1,"93":1,"94":0,"95":1,"96":1,"97":1,"98":1,"99":5,"100":1,"101":1,"102":1,"103":0,"104":14,"105":14,"106":14,"107":14,"108":3,"109":3,"110":3,"111":5,"112":5,"113":20,"114":20,"115":9,"116":9,"117":9,"118":1,"119":1,"120":1,"121":1,"122":1,"123":1,"124":4,"125":4,"126":1,"127":0,"128":0,"129":1,"130":1,"131":1,"132":1},"f":{"0":71,"1":1,"2":1,"3":1,"4":1,"5":51,"6":21,"7":5,"8":33,"9":20,"10":229,"11":348,"12":1,"13":1,"14":4,"15":33,"16":1,"17":11,"18":1,"19":1,"20":14,"21":3,"22":5,"23":20,"24":9,"25":1,"26":1,"27":4,"28":1,"29":0,"30":1,"31":1},"b":{"0":[38,33],"1":[1,50],"2":[50,0],"3":[50,50],"4":[5,45],"5":[4,1],"6":[45,0],"7":[9,36],"8":[0,21],"9":[3,18],"10":[3,0],"11":[0,3],"12":[2,1],"13":[0,21],"14":[18,3],"15":[2,3],"16":[3,0],"17":[3,30],"18":[17,212],"19":[0,348],"20":[348,122],"21":[348,193],"22":[0,1],"23":[1,1],"24":[1,1],"25":[0,1],"26":[1,1],"27":[1,1],"28":[1,3],"29":[0,1],"30":[3,30],"31":[5,6],"32":[11,7],"33":[1,0],"34":[1,0],"35":[1,1],"36":[1,0],"37":[1,4],"38":[5,2]},"_coverageSchema":"43e27e138ebf9cfc5966b082cf9a028302ed4184","hash":"f04e9e3308cd81f3bb3277fe98f2d7e58c168d25"}
,"D:\\frontend_related\\practices\\GitHubGoods\\public\\ts-utility-plugins\\src\\ddzy\\utility\\algorithm\\binary-search-tree\\tree-node\\index.ts": {"path":"D:\\frontend_related\\practices\\GitHubGoods\\public\\ts-utility-plugins\\src\\ddzy\\utility\\algorithm\\binary-search-tree\\tree-node\\index.ts","statementMap":{"0":{"start":{"line":13,"column":4},"end":{"line":13,"column":29}},"1":{"start":{"line":14,"column":4},"end":{"line":14,"column":47}},"2":{"start":{"line":15,"column":4},"end":{"line":15,"column":50}},"3":{"start":{"line":16,"column":4},"end":{"line":16,"column":53}}},"fnMap":{"0":{"name":"(anonymous_0)","decl":{"start":{"line":10,"column":2},"end":{"line":10,"column":3}},"loc":{"start":{"line":12,"column":4},"end":{"line":17,"column":3}},"line":12}},"branchMap":{"0":{"loc":{"start":{"line":14,"column":16},"end":{"line":14,"column":46}},"type":"cond-expr","locations":[{"start":{"line":14,"column":29},"end":{"line":14,"column":39}},{"start":{"line":14,"column":42},"end":{"line":14,"column":46}}],"line":14},"1":{"loc":{"start":{"line":15,"column":17},"end":{"line":15,"column":49}},"type":"cond-expr","locations":[{"start":{"line":15,"column":31},"end":{"line":15,"column":42}},{"start":{"line":15,"column":45},"end":{"line":15,"column":49}}],"line":15},"2":{"loc":{"start":{"line":16,"column":18},"end":{"line":16,"column":52}},"type":"cond-expr","locations":[{"start":{"line":16,"column":33},"end":{"line":16,"column":45}},{"start":{"line":16,"column":48},"end":{"line":16,"column":52}}],"line":16}},"s":{"0":14,"1":14,"2":14,"3":14},"f":{"0":14},"b":{"0":[0,14],"1":[0,14],"2":[0,14]},"_coverageSchema":"43e27e138ebf9cfc5966b082cf9a028302ed4184","hash":"6011d53d576f6362eb2318825819cdbc5075a38f"}
,"D:\\frontend_related\\practices\\GitHubGoods\\public\\ts-utility-plugins\\src\\ddzy\\utility\\array\\index.ts": {"path":"D:\\frontend_related\\practices\\GitHubGoods\\public\\ts-utility-plugins\\src\\ddzy\\utility\\array\\index.ts","statementMap":{"0":{"start":{"line":7,"column":41},"end":{"line":36,"column":1}},"1":{"start":{"line":13,"column":4},"end":{"line":13,"column":33}},"2":{"start":{"line":22,"column":26},"end":{"line":22,"column":28}},"3":{"start":{"line":25,"column":6},"end":{"line":29,"column":7}},"4":{"start":{"line":26,"column":8},"end":{"line":28,"column":33}},"5":{"start":{"line":31,"column":6},"end":{"line":31,"column":20}},"6":{"start":{"line":34,"column":4},"end":{"line":34,"column":40}}},"fnMap":{"0":{"name":"(anonymous_0)","decl":{"start":{"line":12,"column":2},"end":{"line":12,"column":3}},"loc":{"start":{"line":12,"column":24},"end":{"line":14,"column":3}},"line":12},"1":{"name":"(anonymous_1)","decl":{"start":{"line":21,"column":2},"end":{"line":21,"column":3}},"loc":{"start":{"line":21,"column":30},"end":{"line":35,"column":3}},"line":21},"2":{"name":"_aidedToFlat","decl":{"start":{"line":24,"column":13},"end":{"line":24,"column":25}},"loc":{"start":{"line":24,"column":56},"end":{"line":32,"column":5}},"line":24}},"branchMap":{"0":{"loc":{"start":{"line":26,"column":8},"end":{"line":28,"column":32}},"type":"cond-expr","locations":[{"start":{"line":27,"column":13},"end":{"line":27,"column":40}},{"start":{"line":28,"column":13},"end":{"line":28,"column":31}}],"line":26}},"s":{"0":5,"1":98,"2":1,"3":4,"4":13,"5":4,"6":1},"f":{"0":98,"1":1,"2":4},"b":{"0":[3,10]},"_coverageSchema":"43e27e138ebf9cfc5966b082cf9a028302ed4184","hash":"735fb0df2a6ce71570d24e91889bece5199e4f66"}
,"D:\\frontend_related\\practices\\GitHubGoods\\public\\ts-utility-plugins\\src\\ddzy\\utility\\dom\\index.ts": {"path":"D:\\frontend_related\\practices\\GitHubGoods\\public\\ts-utility-plugins\\src\\ddzy\\utility\\dom\\index.ts","statementMap":{"0":{"start":{"line":33,"column":37},"end":{"line":279,"column":1}},"1":{"start":{"line":39,"column":4},"end":{"line":39,"column":40}},"2":{"start":{"line":47,"column":4},"end":{"line":47,"column":43}},"3":{"start":{"line":56,"column":4},"end":{"line":58,"column":5}},"4":{"start":{"line":57,"column":6},"end":{"line":57,"column":42}},"5":{"start":{"line":60,"column":4},"end":{"line":60,"column":16}},"6":{"start":{"line":69,"column":4},"end":{"line":74,"column":5}},"7":{"start":{"line":70,"column":6},"end":{"line":73,"column":7}},"8":{"start":{"line":71,"column":24},"end":{"line":71,"column":36}},"9":{"start":{"line":72,"column":8},"end":{"line":72,"column":51}},"10":{"start":{"line":76,"column":4},"end":{"line":76,"column":16}},"11":{"start":{"line":85,"column":4},"end":{"line":85,"column":33}},"12":{"start":{"line":94,"column":4},"end":{"line":94,"column":38}},"13":{"start":{"line":96,"column":4},"end":{"line":96,"column":16}},"14":{"start":{"line":105,"column":4},"end":{"line":105,"column":41}},"15":{"start":{"line":107,"column":4},"end":{"line":107,"column":16}},"16":{"start":{"line":116,"column":24},"end":{"line":116,"column":34}},"17":{"start":{"line":118,"column":4},"end":{"line":125,"column":5}},"18":{"start":{"line":119,"column":31},"end":{"line":119,"column":41}},"19":{"start":{"line":121,"column":6},"end":{"line":124,"column":7}},"20":{"start":{"line":122,"column":8},"end":{"line":122,"column":68}},"21":{"start":{"line":123,"column":8},"end":{"line":123,"column":41}},"22":{"start":{"line":129,"column":21},"end":{"line":129,"column":25}},"23":{"start":{"line":132,"column":8},"end":{"line":132,"column":15}},"24":{"start":{"line":134,"column":4},"end":{"line":140,"column":5}},"25":{"start":{"line":135,"column":6},"end":{"line":135,"column":26}},"26":{"start":{"line":137,"column":6},"end":{"line":139,"column":20}},"27":{"start":{"line":138,"column":8},"end":{"line":138,"column":35}},"28":{"start":{"line":149,"column":4},"end":{"line":151,"column":29}},"29":{"start":{"line":160,"column":4},"end":{"line":162,"column":5}},"30":{"start":{"line":161,"column":6},"end":{"line":161,"column":51}},"31":{"start":{"line":164,"column":29},"end":{"line":164,"column":40}},"32":{"start":{"line":166,"column":4},"end":{"line":172,"column":5}},"33":{"start":{"line":167,"column":20},"end":{"line":167,"column":48}},"34":{"start":{"line":168,"column":6},"end":{"line":168,"column":33}},"35":{"start":{"line":170,"column":23},"end":{"line":170,"column":58}},"36":{"start":{"line":171,"column":6},"end":{"line":171,"column":44}},"37":{"start":{"line":181,"column":4},"end":{"line":183,"column":5}},"38":{"start":{"line":182,"column":6},"end":{"line":182,"column":51}},"39":{"start":{"line":185,"column":4},"end":{"line":185,"column":36}},"40":{"start":{"line":187,"column":4},"end":{"line":187,"column":40}},"41":{"start":{"line":190,"column":6},"end":{"line":192,"column":7}},"42":{"start":{"line":191,"column":8},"end":{"line":191,"column":15}},"43":{"start":{"line":194,"column":6},"end":{"line":197,"column":7}},"44":{"start":{"line":194,"column":19},"end":{"line":194,"column":20}},"45":{"start":{"line":195,"column":8},"end":{"line":195,"column":51}},"46":{"start":{"line":196,"column":8},"end":{"line":196,"column":40}},"47":{"start":{"line":207,"column":4},"end":{"line":209,"column":5}},"48":{"start":{"line":208,"column":6},"end":{"line":208,"column":51}},"49":{"start":{"line":211,"column":39},"end":{"line":214,"column":5}},"50":{"start":{"line":215,"column":35},"end":{"line":215,"column":39}},"51":{"start":{"line":217,"column":4},"end":{"line":219,"column":5}},"52":{"start":{"line":218,"column":6},"end":{"line":218,"column":55}},"53":{"start":{"line":228,"column":4},"end":{"line":230,"column":5}},"54":{"start":{"line":229,"column":6},"end":{"line":229,"column":51}},"55":{"start":{"line":232,"column":35},"end":{"line":235,"column":5}},"56":{"start":{"line":236,"column":35},"end":{"line":236,"column":39}},"57":{"start":{"line":238,"column":4},"end":{"line":240,"column":5}},"58":{"start":{"line":239,"column":6},"end":{"line":239,"column":59}},"59":{"start":{"line":248,"column":15},"end":{"line":248,"column":17}},"60":{"start":{"line":250,"column":4},"end":{"line":253,"column":5}},"61":{"start":{"line":251,"column":20},"end":{"line":251,"column":42}},"62":{"start":{"line":252,"column":6},"end":{"line":252,"column":70}},"63":{"start":{"line":255,"column":4},"end":{"line":255,"column":16}},"64":{"start":{"line":263,"column":33},"end":{"line":263,"column":74}},"65":{"start":{"line":264,"column":20},"end":{"line":264,"column":48}},"66":{"start":{"line":267,"column":4},"end":{"line":275,"column":5}},"67":{"start":{"line":268,"column":6},"end":{"line":274,"column":7}},"68":{"start":{"line":269,"column":8},"end":{"line":269,"column":51}},"69":{"start":{"line":270,"column":13},"end":{"line":274,"column":7}},"70":{"start":{"line":271,"column":8},"end":{"line":271,"column":70}},"71":{"start":{"line":273,"column":8},"end":{"line":273,"column":68}},"72":{"start":{"line":277,"column":4},"end":{"line":277,"column":16}}},"fnMap":{"0":{"name":"(anonymous_0)","decl":{"start":{"line":38,"column":2},"end":{"line":38,"column":3}},"loc":{"start":{"line":38,"column":15},"end":{"line":40,"column":3}},"line":38},"1":{"name":"(anonymous_1)","decl":{"start":{"line":46,"column":2},"end":{"line":46,"column":3}},"loc":{"start":{"line":46,"column":18},"end":{"line":48,"column":3}},"line":46},"2":{"name":"(anonymous_2)","decl":{"start":{"line":55,"column":2},"end":{"line":55,"column":3}},"loc":{"start":{"line":55,"column":24},"end":{"line":61,"column":3}},"line":55},"3":{"name":"(anonymous_3)","decl":{"start":{"line":68,"column":2},"end":{"line":68,"column":3}},"loc":{"start":{"line":68,"column":23},"end":{"line":77,"column":3}},"line":68},"4":{"name":"(anonymous_4)","decl":{"start":{"line":84,"column":2},"end":{"line":84,"column":3}},"loc":{"start":{"line":84,"column":20},"end":{"line":86,"column":3}},"line":84},"5":{"name":"(anonymous_5)","decl":{"start":{"line":93,"column":2},"end":{"line":93,"column":3}},"loc":{"start":{"line":93,"column":26},"end":{"line":97,"column":3}},"line":93},"6":{"name":"(anonymous_6)","decl":{"start":{"line":104,"column":2},"end":{"line":104,"column":3}},"loc":{"start":{"line":104,"column":29},"end":{"line":108,"column":3}},"line":104},"7":{"name":"(anonymous_7)","decl":{"start":{"line":115,"column":2},"end":{"line":115,"column":3}},"loc":{"start":{"line":115,"column":32},"end":{"line":126,"column":3}},"line":115},"8":{"name":"(anonymous_8)","decl":{"start":{"line":118,"column":11},"end":{"line":118,"column":12}},"loc":{"start":{"line":118,"column":31},"end":{"line":125,"column":5}},"line":118},"9":{"name":"(anonymous_9)","decl":{"start":{"line":128,"column":2},"end":{"line":128,"column":3}},"loc":{"start":{"line":128,"column":30},"end":{"line":141,"column":3}},"line":128},"10":{"name":"(anonymous_10)","decl":{"start":{"line":134,"column":11},"end":{"line":134,"column":12}},"loc":{"start":{"line":134,"column":31},"end":{"line":140,"column":5}},"line":134},"11":{"name":"(anonymous_11)","decl":{"start":{"line":137,"column":25},"end":{"line":137,"column":26}},"loc":{"start":{"line":137,"column":31},"end":{"line":139,"column":7}},"line":137},"12":{"name":"(anonymous_12)","decl":{"start":{"line":148,"column":2},"end":{"line":148,"column":3}},"loc":{"start":{"line":148,"column":14},"end":{"line":152,"column":3}},"line":148},"13":{"name":"(anonymous_13)","decl":{"start":{"line":159,"column":2},"end":{"line":159,"column":3}},"loc":{"start":{"line":159,"column":43},"end":{"line":173,"column":3}},"line":159},"14":{"name":"(anonymous_14)","decl":{"start":{"line":180,"column":2},"end":{"line":180,"column":3}},"loc":{"start":{"line":180,"column":43},"end":{"line":199,"column":3}},"line":180},"15":{"name":"_aidedTraversal","decl":{"start":{"line":189,"column":13},"end":{"line":189,"column":28}},"loc":{"start":{"line":189,"column":55},"end":{"line":198,"column":5}},"line":189},"16":{"name":"(anonymous_16)","decl":{"start":{"line":206,"column":2},"end":{"line":206,"column":3}},"loc":{"start":{"line":206,"column":52},"end":{"line":220,"column":3}},"line":206},"17":{"name":"(anonymous_17)","decl":{"start":{"line":227,"column":2},"end":{"line":227,"column":3}},"loc":{"start":{"line":227,"column":50},"end":{"line":241,"column":3}},"line":227},"18":{"name":"(anonymous_18)","decl":{"start":{"line":247,"column":2},"end":{"line":247,"column":3}},"loc":{"start":{"line":247,"column":29},"end":{"line":256,"column":3}},"line":247},"19":{"name":"(anonymous_19)","decl":{"start":{"line":262,"column":2},"end":{"line":262,"column":3}},"loc":{"start":{"line":262,"column":27},"end":{"line":278,"column":3}},"line":262}},"branchMap":{"0":{"loc":{"start":{"line":70,"column":6},"end":{"line":73,"column":7}},"type":"if","locations":[{"start":{"line":70,"column":6},"end":{"line":73,"column":7}},{"start":{"line":70,"column":6},"end":{"line":73,"column":7}}],"line":70},"1":{"loc":{"start":{"line":94,"column":4},"end":{"line":94,"column":37}},"type":"binary-expr","locations":[{"start":{"line":94,"column":4},"end":{"line":94,"column":6}},{"start":{"line":94,"column":10},"end":{"line":94,"column":37}}],"line":94},"2":{"loc":{"start":{"line":105,"column":4},"end":{"line":105,"column":40}},"type":"binary-expr","locations":[{"start":{"line":105,"column":4},"end":{"line":105,"column":6}},{"start":{"line":105,"column":10},"end":{"line":105,"column":40}}],"line":105},"3":{"loc":{"start":{"line":121,"column":6},"end":{"line":124,"column":7}},"type":"if","locations":[{"start":{"line":121,"column":6},"end":{"line":124,"column":7}},{"start":{"line":121,"column":6},"end":{"line":124,"column":7}}],"line":121},"4":{"loc":{"start":{"line":131,"column":6},"end":{"line":131,"column":21}},"type":"default-arg","locations":[{"start":{"line":131,"column":18},"end":{"line":131,"column":21}}],"line":131},"5":{"loc":{"start":{"line":149,"column":11},"end":{"line":151,"column":28}},"type":"binary-expr","locations":[{"start":{"line":149,"column":11},"end":{"line":149,"column":15}},{"start":{"line":150,"column":9},"end":{"line":150,"column":33}},{"start":{"line":151,"column":9},"end":{"line":151,"column":28}}],"line":149},"6":{"loc":{"start":{"line":160,"column":4},"end":{"line":162,"column":5}},"type":"if","locations":[{"start":{"line":160,"column":4},"end":{"line":162,"column":5}},{"start":{"line":160,"column":4},"end":{"line":162,"column":5}}],"line":160},"7":{"loc":{"start":{"line":168,"column":6},"end":{"line":168,"column":32}},"type":"binary-expr","locations":[{"start":{"line":168,"column":6},"end":{"line":168,"column":14}},{"start":{"line":168,"column":18},"end":{"line":168,"column":32}}],"line":168},"8":{"loc":{"start":{"line":181,"column":4},"end":{"line":183,"column":5}},"type":"if","locations":[{"start":{"line":181,"column":4},"end":{"line":183,"column":5}},{"start":{"line":181,"column":4},"end":{"line":183,"column":5}}],"line":181},"9":{"loc":{"start":{"line":185,"column":4},"end":{"line":185,"column":35}},"type":"binary-expr","locations":[{"start":{"line":185,"column":4},"end":{"line":185,"column":12}},{"start":{"line":185,"column":16},"end":{"line":185,"column":35}}],"line":185},"10":{"loc":{"start":{"line":190,"column":6},"end":{"line":192,"column":7}},"type":"if","locations":[{"start":{"line":190,"column":6},"end":{"line":192,"column":7}},{"start":{"line":190,"column":6},"end":{"line":192,"column":7}}],"line":190},"11":{"loc":{"start":{"line":195,"column":8},"end":{"line":195,"column":50}},"type":"binary-expr","locations":[{"start":{"line":195,"column":8},"end":{"line":195,"column":16}},{"start":{"line":195,"column":20},"end":{"line":195,"column":50}}],"line":195},"12":{"loc":{"start":{"line":207,"column":4},"end":{"line":209,"column":5}},"type":"if","locations":[{"start":{"line":207,"column":4},"end":{"line":209,"column":5}},{"start":{"line":207,"column":4},"end":{"line":209,"column":5}}],"line":207},"13":{"loc":{"start":{"line":218,"column":6},"end":{"line":218,"column":54}},"type":"binary-expr","locations":[{"start":{"line":218,"column":6},"end":{"line":218,"column":14}},{"start":{"line":218,"column":18},"end":{"line":218,"column":54}}],"line":218},"14":{"loc":{"start":{"line":228,"column":4},"end":{"line":230,"column":5}},"type":"if","locations":[{"start":{"line":228,"column":4},"end":{"line":230,"column":5}},{"start":{"line":228,"column":4},"end":{"line":230,"column":5}}],"line":228},"15":{"loc":{"start":{"line":239,"column":6},"end":{"line":239,"column":58}},"type":"binary-expr","locations":[{"start":{"line":239,"column":6},"end":{"line":239,"column":14}},{"start":{"line":239,"column":18},"end":{"line":239,"column":58}}],"line":239},"16":{"loc":{"start":{"line":267,"column":4},"end":{"line":275,"column":5}},"type":"if","locations":[{"start":{"line":267,"column":4},"end":{"line":275,"column":5}},{"start":{"line":267,"column":4},"end":{"line":275,"column":5}}],"line":267},"17":{"loc":{"start":{"line":268,"column":6},"end":{"line":274,"column":7}},"type":"if","locations":[{"start":{"line":268,"column":6},"end":{"line":274,"column":7}},{"start":{"line":268,"column":6},"end":{"line":274,"column":7}}],"line":268},"18":{"loc":{"start":{"line":270,"column":13},"end":{"line":274,"column":7}},"type":"if","locations":[{"start":{"line":270,"column":13},"end":{"line":274,"column":7}},{"start":{"line":270,"column":13},"end":{"line":274,"column":7}}],"line":270},"19":{"loc":{"start":{"line":271,"column":15},"end":{"line":271,"column":69}},"type":"binary-expr","locations":[{"start":{"line":271,"column":15},"end":{"line":271,"column":61}},{"start":{"line":271,"column":65},"end":{"line":271,"column":69}}],"line":271},"20":{"loc":{"start":{"line":273,"column":15},"end":{"line":273,"column":67}},"type":"binary-expr","locations":[{"start":{"line":273,"column":15},"end":{"line":273,"column":59}},{"start":{"line":273,"column":63},"end":{"line":273,"column":67}}],"line":273}},"s":{"0":1,"1":5,"2":1,"3":1,"4":2,"5":1,"6":1,"7":2,"8":2,"9":2,"10":1,"11":2,"12":1,"13":1,"14":1,"15":1,"16":0,"17":0,"18":0,"19":0,"20":0,"21":0,"22":0,"23":0,"24":0,"25":0,"26":0,"27":0,"28":14,"29":1,"30":0,"31":1,"32":1,"33":4,"34":4,"35":4,"36":4,"37":1,"38":0,"39":1,"40":1,"41":5,"42":2,"43":3,"44":3,"45":4,"46":4,"47":0,"48":0,"49":0,"50":0,"51":0,"52":0,"53":0,"54":0,"55":0,"56":0,"57":0,"58":0,"59":1,"60":1,"61":2,"62":2,"63":1,"64":8,"65":8,"66":8,"67":7,"68":2,"69":5,"70":3,"71":2,"72":1},"f":{"0":5,"1":1,"2":1,"3":1,"4":2,"5":1,"6":1,"7":0,"8":0,"9":0,"10":0,"11":0,"12":14,"13":1,"14":1,"15":5,"16":0,"17":0,"18":1,"19":8},"b":{"0":[2,0],"1":[1,1],"2":[1,1],"3":[0,0],"4":[0],"5":[14,11,6],"6":[0,1],"7":[4,4],"8":[0,1],"9":[1,1],"10":[2,3],"11":[4,4],"12":[0,0],"13":[0,0],"14":[0,0],"15":[0,0],"16":[7,1],"17":[2,5],"18":[3,2],"19":[3,1],"20":[2,1]},"_coverageSchema":"43e27e138ebf9cfc5966b082cf9a028302ed4184","hash":"144dbd1c4b9591be254f6796f134a1273032114d"}
,"D:\\frontend_related\\practices\\GitHubGoods\\public\\ts-utility-plugins\\src\\ddzy\\utility\\function\\index.ts": {"path":"D:\\frontend_related\\practices\\GitHubGoods\\public\\ts-utility-plugins\\src\\ddzy\\utility\\function\\index.ts","statementMap":{"0":{"start":{"line":12,"column":47},"end":{"line":71,"column":1}},"1":{"start":{"line":19,"column":4},"end":{"line":19,"column":37}},"2":{"start":{"line":24,"column":21},"end":{"line":24,"column":72}},"3":{"start":{"line":26,"column":4},"end":{"line":36,"column":5}},"4":{"start":{"line":27,"column":14},"end":{"line":27,"column":27}},"5":{"start":{"line":29,"column":6},"end":{"line":29,"column":25}},"6":{"start":{"line":30,"column":6},"end":{"line":30,"column":27}},"7":{"start":{"line":31,"column":6},"end":{"line":31,"column":25}},"8":{"start":{"line":33,"column":6},"end":{"line":33,"column":31}},"9":{"start":{"line":34,"column":6},"end":{"line":34,"column":33}},"10":{"start":{"line":35,"column":6},"end":{"line":35,"column":31}},"11":{"start":{"line":40,"column":17},"end":{"line":40,"column":21}},"12":{"start":{"line":41,"column":4},"end":{"line":41,"column":71}},"13":{"start":{"line":43,"column":4},"end":{"line":45,"column":5}},"14":{"start":{"line":44,"column":6},"end":{"line":44,"column":38}},"15":{"start":{"line":54,"column":4},"end":{"line":56,"column":5}},"16":{"start":{"line":55,"column":6},"end":{"line":55,"column":16}},"17":{"start":{"line":58,"column":26},"end":{"line":58,"column":28}},"18":{"start":{"line":59,"column":32},"end":{"line":59,"column":49}},"19":{"start":{"line":60,"column":35},"end":{"line":60,"column":58}},"20":{"start":{"line":61,"column":26},"end":{"line":61,"column":59}},"21":{"start":{"line":63,"column":4},"end":{"line":66,"column":5}},"22":{"start":{"line":64,"column":26},"end":{"line":64,"column":42}},"23":{"start":{"line":65,"column":6},"end":{"line":65,"column":45}},"24":{"start":{"line":68,"column":4},"end":{"line":68,"column":17}}},"fnMap":{"0":{"name":"(anonymous_0)","decl":{"start":{"line":18,"column":2},"end":{"line":18,"column":3}},"loc":{"start":{"line":18,"column":18},"end":{"line":20,"column":3}},"line":18},"1":{"name":"(anonymous_1)","decl":{"start":{"line":22,"column":2},"end":{"line":22,"column":3}},"loc":{"start":{"line":22,"column":26},"end":{"line":37,"column":3}},"line":22},"2":{"name":"(anonymous_2)","decl":{"start":{"line":39,"column":2},"end":{"line":39,"column":3}},"loc":{"start":{"line":39,"column":17},"end":{"line":46,"column":3}},"line":39},"3":{"name":"(anonymous_3)","decl":{"start":{"line":43,"column":11},"end":{"line":43,"column":12}},"loc":{"start":{"line":43,"column":27},"end":{"line":45,"column":5}},"line":43},"4":{"name":"(anonymous_4)","decl":{"start":{"line":53,"column":2},"end":{"line":53,"column":3}},"loc":{"start":{"line":53,"column":24},"end":{"line":69,"column":3}},"line":53}},"branchMap":{"0":{"loc":{"start":{"line":26,"column":4},"end":{"line":36,"column":5}},"type":"if","locations":[{"start":{"line":26,"column":4},"end":{"line":36,"column":5}},{"start":{"line":26,"column":4},"end":{"line":36,"column":5}}],"line":26},"1":{"loc":{"start":{"line":54,"column":4},"end":{"line":56,"column":5}},"type":"if","locations":[{"start":{"line":54,"column":4},"end":{"line":56,"column":5}},{"start":{"line":54,"column":4},"end":{"line":56,"column":5}}],"line":54},"2":{"loc":{"start":{"line":63,"column":4},"end":{"line":66,"column":5}},"type":"if","locations":[{"start":{"line":63,"column":4},"end":{"line":66,"column":5}},{"start":{"line":63,"column":4},"end":{"line":66,"column":5}}],"line":63}},"s":{"0":1,"1":5,"2":2,"3":2,"4":0,"5":0,"6":0,"7":0,"8":2,"9":2,"10":2,"11":1,"12":1,"13":1,"14":1,"15":3,"16":0,"17":3,"18":3,"19":3,"20":3,"21":3,"22":2,"23":2,"24":3},"f":{"0":5,"1":2,"2":1,"3":1,"4":3},"b":{"0":[0,2],"1":[0,3],"2":[2,1]},"_coverageSchema":"43e27e138ebf9cfc5966b082cf9a028302ed4184","hash":"a82bd43312a0826849d7d1699b2a0111ae1d86f1"}
,"D:\\frontend_related\\practices\\GitHubGoods\\public\\ts-utility-plugins\\src\\ddzy\\utility\\number\\index.ts": {"path":"D:\\frontend_related\\practices\\GitHubGoods\\public\\ts-utility-plugins\\src\\ddzy\\utility\\number\\index.ts","statementMap":{"0":{"start":{"line":7,"column":43},"end":{"line":35,"column":1}},"1":{"start":{"line":15,"column":4},"end":{"line":15,"column":49}},"2":{"start":{"line":24,"column":4},"end":{"line":24,"column":45}},"3":{"start":{"line":32,"column":4},"end":{"line":32,"column":35}}},"fnMap":{"0":{"name":"(anonymous_0)","decl":{"start":{"line":14,"column":2},"end":{"line":14,"column":3}},"loc":{"start":{"line":14,"column":26},"end":{"line":16,"column":3}},"line":14},"1":{"name":"(anonymous_1)","decl":{"start":{"line":23,"column":2},"end":{"line":23,"column":3}},"loc":{"start":{"line":23,"column":25},"end":{"line":25,"column":3}},"line":23},"2":{"name":"(anonymous_2)","decl":{"start":{"line":31,"column":2},"end":{"line":31,"column":3}},"loc":{"start":{"line":31,"column":19},"end":{"line":33,"column":3}},"line":31}},"branchMap":{},"s":{"0":2,"1":59,"2":3,"3":5},"f":{"0":59,"1":3,"2":5},"b":{},"_coverageSchema":"43e27e138ebf9cfc5966b082cf9a028302ed4184","hash":"37e74942b9a8b26dbfbfff418467c6588403e4aa"}
,"D:\\frontend_related\\practices\\GitHubGoods\\public\\ts-utility-plugins\\src\\ddzy\\utility\\object\\index.ts": {"path":"D:\\frontend_related\\practices\\GitHubGoods\\public\\ts-utility-plugins\\src\\ddzy\\utility\\object\\index.ts","statementMap":{"0":{"start":{"line":6,"column":43},"end":{"line":16,"column":1}},"1":{"start":{"line":12,"column":4},"end":{"line":14,"column":6}}},"fnMap":{"0":{"name":"(anonymous_0)","decl":{"start":{"line":11,"column":2},"end":{"line":11,"column":3}},"loc":{"start":{"line":11,"column":24},"end":{"line":15,"column":3}},"line":11}},"branchMap":{"0":{"loc":{"start":{"line":12,"column":11},"end":{"line":14,"column":5}},"type":"binary-expr","locations":[{"start":{"line":12,"column":11},"end":{"line":12,"column":17}},{"start":{"line":13,"column":6},"end":{"line":13,"column":54}}],"line":12}},"s":{"0":5,"1":130},"f":{"0":130},"b":{"0":[130,125]},"_coverageSchema":"43e27e138ebf9cfc5966b082cf9a028302ed4184","hash":"467c40575e298ba0144c50bcfb58fa76948f39ba"}
,"D:\\frontend_related\\practices\\GitHubGoods\\public\\ts-utility-plugins\\src\\ddzy\\utility\\others\\index.ts": {"path":"D:\\frontend_related\\practices\\GitHubGoods\\public\\ts-utility-plugins\\src\\ddzy\\utility\\others\\index.ts","statementMap":{"0":{"start":{"line":17,"column":43},"end":{"line":143,"column":1}},"1":{"start":{"line":24,"column":4},"end":{"line":28,"column":5}},"2":{"start":{"line":25,"column":6},"end":{"line":27,"column":8}},"3":{"start":{"line":36,"column":24},"end":{"line":36,"column":32}},"4":{"start":{"line":38,"column":4},"end":{"line":40,"column":7}},"5":{"start":{"line":39,"column":6},"end":{"line":39,"column":41}},"6":{"start":{"line":48,"column":4},"end":{"line":53,"column":28}},"7":{"start":{"line":61,"column":4},"end":{"line":61,"column":41}},"8":{"start":{"line":69,"column":4},"end":{"line":70,"column":29}},"9":{"start":{"line":78,"column":19},"end":{"line":78,"column":21}},"10":{"start":{"line":81,"column":6},"end":{"line":111,"column":7}},"11":{"start":{"line":82,"column":22},"end":{"line":82,"column":33}},"12":{"start":{"line":85,"column":8},"end":{"line":108,"column":9}},"13":{"start":{"line":86,"column":10},"end":{"line":86,"column":27}},"14":{"start":{"line":87,"column":10},"end":{"line":87,"column":46}},"15":{"start":{"line":90,"column":13},"end":{"line":108,"column":9}},"16":{"start":{"line":91,"column":10},"end":{"line":91,"column":27}},"17":{"start":{"line":92,"column":10},"end":{"line":103,"column":11}},"18":{"start":{"line":92,"column":23},"end":{"line":92,"column":24}},"19":{"start":{"line":94,"column":12},"end":{"line":102,"column":13}},"20":{"start":{"line":95,"column":14},"end":{"line":95,"column":34}},"21":{"start":{"line":96,"column":14},"end":{"line":96,"column":56}},"22":{"start":{"line":101,"column":14},"end":{"line":101,"column":40}},"23":{"start":{"line":106,"column":13},"end":{"line":108,"column":9}},"24":{"start":{"line":107,"column":10},"end":{"line":107,"column":30}},"25":{"start":{"line":113,"column":6},"end":{"line":113,"column":20}},"26":{"start":{"line":116,"column":4},"end":{"line":116,"column":43}},"27":{"start":{"line":124,"column":32},"end":{"line":124,"column":54}},"28":{"start":{"line":125,"column":38},"end":{"line":125,"column":65}},"29":{"start":{"line":126,"column":39},"end":{"line":126,"column":41}},"30":{"start":{"line":128,"column":31},"end":{"line":128,"column":53}},"31":{"start":{"line":130,"column":4},"end":{"line":139,"column":5}},"32":{"start":{"line":131,"column":27},"end":{"line":131,"column":73}},"33":{"start":{"line":132,"column":6},"end":{"line":138,"column":7}},"34":{"start":{"line":133,"column":8},"end":{"line":137,"column":11}},"35":{"start":{"line":134,"column":31},"end":{"line":134,"column":43}},"36":{"start":{"line":136,"column":10},"end":{"line":136,"column":39}},"37":{"start":{"line":141,"column":4},"end":{"line":141,"column":17}}},"fnMap":{"0":{"name":"(anonymous_0)","decl":{"start":{"line":23,"column":2},"end":{"line":23,"column":3}},"loc":{"start":{"line":23,"column":32},"end":{"line":29,"column":3}},"line":23},"1":{"name":"(anonymous_1)","decl":{"start":{"line":35,"column":2},"end":{"line":35,"column":3}},"loc":{"start":{"line":35,"column":28},"end":{"line":41,"column":3}},"line":35},"2":{"name":"(anonymous_2)","decl":{"start":{"line":38,"column":29},"end":{"line":38,"column":30}},"loc":{"start":{"line":38,"column":42},"end":{"line":40,"column":5}},"line":38},"3":{"name":"(anonymous_3)","decl":{"start":{"line":47,"column":2},"end":{"line":47,"column":3}},"loc":{"start":{"line":47,"column":23},"end":{"line":54,"column":3}},"line":47},"4":{"name":"(anonymous_4)","decl":{"start":{"line":60,"column":2},"end":{"line":60,"column":3}},"loc":{"start":{"line":60,"column":22},"end":{"line":62,"column":3}},"line":60},"5":{"name":"(anonymous_5)","decl":{"start":{"line":68,"column":2},"end":{"line":68,"column":3}},"loc":{"start":{"line":68,"column":17},"end":{"line":71,"column":3}},"line":68},"6":{"name":"(anonymous_6)","decl":{"start":{"line":77,"column":2},"end":{"line":77,"column":3}},"loc":{"start":{"line":77,"column":20},"end":{"line":117,"column":3}},"line":77},"7":{"name":"_aidedDeepClone","decl":{"start":{"line":80,"column":13},"end":{"line":80,"column":28}},"loc":{"start":{"line":80,"column":63},"end":{"line":114,"column":5}},"line":80},"8":{"name":"(anonymous_8)","decl":{"start":{"line":123,"column":2},"end":{"line":123,"column":3}},"loc":{"start":{"line":123,"column":35},"end":{"line":142,"column":3}},"line":123},"9":{"name":"(anonymous_9)","decl":{"start":{"line":133,"column":29},"end":{"line":133,"column":30}},"loc":{"start":{"line":133,"column":36},"end":{"line":137,"column":9}},"line":133}},"branchMap":{"0":{"loc":{"start":{"line":24,"column":4},"end":{"line":28,"column":5}},"type":"if","locations":[{"start":{"line":24,"column":4},"end":{"line":28,"column":5}},{"start":{"line":24,"column":4},"end":{"line":28,"column":5}}],"line":24},"1":{"loc":{"start":{"line":48,"column":11},"end":{"line":53,"column":28}},"type":"binary-expr","locations":[{"start":{"line":48,"column":11},"end":{"line":48,"column":37}},{"start":{"line":49,"column":9},"end":{"line":49,"column":35}},{"start":{"line":50,"column":9},"end":{"line":50,"column":38}},{"start":{"line":51,"column":9},"end":{"line":51,"column":35}},{"start":{"line":52,"column":9},"end":{"line":52,"column":36}},{"start":{"line":53,"column":9},"end":{"line":53,"column":28}}],"line":48},"2":{"loc":{"start":{"line":69,"column":11},"end":{"line":70,"column":28}},"type":"binary-expr","locations":[{"start":{"line":69,"column":11},"end":{"line":69,"column":47}},{"start":{"line":70,"column":9},"end":{"line":70,"column":28}}],"line":69},"3":{"loc":{"start":{"line":85,"column":8},"end":{"line":108,"column":9}},"type":"if","locations":[{"start":{"line":85,"column":8},"end":{"line":108,"column":9}},{"start":{"line":85,"column":8},"end":{"line":108,"column":9}}],"line":85},"4":{"loc":{"start":{"line":90,"column":13},"end":{"line":108,"column":9}},"type":"if","locations":[{"start":{"line":90,"column":13},"end":{"line":108,"column":9}},{"start":{"line":90,"column":13},"end":{"line":108,"column":9}}],"line":90},"5":{"loc":{"start":{"line":94,"column":12},"end":{"line":102,"column":13}},"type":"if","locations":[{"start":{"line":94,"column":12},"end":{"line":102,"column":13}},{"start":{"line":94,"column":12},"end":{"line":102,"column":13}}],"line":94},"6":{"loc":{"start":{"line":106,"column":13},"end":{"line":108,"column":9}},"type":"if","locations":[{"start":{"line":106,"column":13},"end":{"line":108,"column":9}},{"start":{"line":106,"column":13},"end":{"line":108,"column":9}}],"line":106},"7":{"loc":{"start":{"line":130,"column":4},"end":{"line":139,"column":5}},"type":"if","locations":[{"start":{"line":130,"column":4},"end":{"line":139,"column":5}},{"start":{"line":130,"column":4},"end":{"line":139,"column":5}}],"line":130},"8":{"loc":{"start":{"line":132,"column":6},"end":{"line":138,"column":7}},"type":"if","locations":[{"start":{"line":132,"column":6},"end":{"line":138,"column":7}},{"start":{"line":132,"column":6},"end":{"line":138,"column":7}}],"line":132}},"s":{"0":4,"1":1,"2":0,"3":2,"4":2,"5":1,"6":71,"7":18,"8":9,"9":5,"10":35,"11":85,"12":85,"13":10,"14":10,"15":75,"16":15,"17":15,"18":15,"19":35,"20":20,"21":20,"22":15,"23":60,"24":60,"25":35,"26":5,"27":4,"28":4,"29":4,"30":4,"31":4,"32":4,"33":4,"34":4,"35":9,"36":9,"37":4},"f":{"0":1,"1":2,"2":1,"3":71,"4":18,"5":9,"6":5,"7":35,"8":4,"9":9},"b":{"0":[0,1],"1":[71,34,12,11,10,5],"2":[9,8],"3":[10,75],"4":[15,60],"5":[20,15],"6":[60,0],"7":[4,0],"8":[4,0]},"_coverageSchema":"43e27e138ebf9cfc5966b082cf9a028302ed4184","hash":"46c452b8ada80434f3ad7c0c5b077252105570ef"}
,"D:\\frontend_related\\practices\\GitHubGoods\\public\\ts-utility-plugins\\src\\ddzy\\utility\\string\\index.ts": {"path":"D:\\frontend_related\\practices\\GitHubGoods\\public\\ts-utility-plugins\\src\\ddzy\\utility\\string\\index.ts","statementMap":{"0":{"start":{"line":7,"column":43},"end":{"line":43,"column":1}},"1":{"start":{"line":16,"column":4},"end":{"line":28,"column":5}},"2":{"start":{"line":17,"column":6},"end":{"line":17,"column":18}},"3":{"start":{"line":18,"column":6},"end":{"line":20,"column":7}},"4":{"start":{"line":18,"column":19},"end":{"line":18,"column":21}},"5":{"start":{"line":19,"column":8},"end":{"line":19,"column":44}},"6":{"start":{"line":21,"column":6},"end":{"line":23,"column":7}},"7":{"start":{"line":21,"column":19},"end":{"line":21,"column":21}},"8":{"start":{"line":22,"column":8},"end":{"line":22,"column":44}},"9":{"start":{"line":24,"column":6},"end":{"line":26,"column":7}},"10":{"start":{"line":24,"column":19},"end":{"line":24,"column":21}},"11":{"start":{"line":25,"column":8},"end":{"line":25,"column":44}},"12":{"start":{"line":27,"column":6},"end":{"line":27,"column":76}},"13":{"start":{"line":30,"column":20},"end":{"line":33,"column":5}},"14":{"start":{"line":34,"column":17},"end":{"line":34,"column":19}},"15":{"start":{"line":36,"column":12},"end":{"line":36,"column":13}},"16":{"start":{"line":37,"column":4},"end":{"line":39,"column":42}},"17":{"start":{"line":38,"column":6},"end":{"line":38,"column":86}},"18":{"start":{"line":41,"column":4},"end":{"line":41,"column":18}}},"fnMap":{"0":{"name":"(anonymous_0)","decl":{"start":{"line":15,"column":2},"end":{"line":15,"column":3}},"loc":{"start":{"line":15,"column":75},"end":{"line":42,"column":3}},"line":15}},"branchMap":{"0":{"loc":{"start":{"line":15,"column":23},"end":{"line":15,"column":34}},"type":"default-arg","locations":[{"start":{"line":15,"column":32},"end":{"line":15,"column":34}}],"line":15},"1":{"loc":{"start":{"line":15,"column":36},"end":{"line":15,"column":65}},"type":"default-arg","locations":[{"start":{"line":15,"column":61},"end":{"line":15,"column":65}}],"line":15},"2":{"loc":{"start":{"line":16,"column":4},"end":{"line":28,"column":5}},"type":"if","locations":[{"start":{"line":16,"column":4},"end":{"line":28,"column":5}},{"start":{"line":16,"column":4},"end":{"line":28,"column":5}}],"line":16},"3":{"loc":{"start":{"line":16,"column":9},"end":{"line":16,"column":39}},"type":"binary-expr","locations":[{"start":{"line":16,"column":9},"end":{"line":16,"column":16}},{"start":{"line":16,"column":20},"end":{"line":16,"column":39}}],"line":16},"4":{"loc":{"start":{"line":27,"column":6},"end":{"line":27,"column":75}},"type":"binary-expr","locations":[{"start":{"line":27,"column":6},"end":{"line":27,"column":28}},{"start":{"line":27,"column":33},"end":{"line":27,"column":74}}],"line":27}},"s":{"0":1,"1":4,"2":3,"3":3,"4":3,"5":78,"6":3,"7":3,"8":78,"9":3,"10":3,"11":30,"12":3,"13":4,"14":4,"15":4,"16":4,"17":56,"18":4},"f":{"0":4},"b":{"0":[3],"1":[3],"2":[3,1],"3":[4,2],"4":[3,2]},"_coverageSchema":"43e27e138ebf9cfc5966b082cf9a028302ed4184","hash":"afccc8e4aca04e139b29daba751c621419e2e5e3"}
}
