TN:
SF:D:\frontend_related\practices\GitHubGoods\public\ts-utility-plugins\src\ddzy\utility\array\index.ts
FN:12,(anonymous_0)
FN:21,(anonymous_1)
FN:24,_aidedToFlat
FNF:3
FNH:3
FNDA:98,(anonymous_0)
FNDA:1,(anonymous_1)
FNDA:4,_aidedToFlat
DA:7,4
DA:13,98
DA:22,1
DA:25,4
DA:26,13
DA:31,4
DA:34,1
LF:7
LH:7
BRDA:26,0,0,3
BRDA:26,0,1,10
BRF:2
BRH:2
end_of_record
TN:
SF:D:\frontend_related\practices\GitHubGoods\public\ts-utility-plugins\src\ddzy\utility\dom\index.ts
FN:38,(anonymous_0)
FN:46,(anonymous_1)
FN:55,(anonymous_2)
FN:68,(anonymous_3)
FN:84,(anonymous_4)
FN:93,(anonymous_5)
FN:104,(anonymous_6)
FN:115,(anonymous_7)
FN:118,(anonymous_8)
FN:128,(anonymous_9)
FN:134,(anonymous_10)
FN:137,(anonymous_11)
FN:148,(anonymous_12)
FN:159,(anonymous_13)
FN:180,(anonymous_14)
FN:189,_aidedTraversal
FN:206,(anonymous_16)
FN:227,(anonymous_17)
FN:247,(anonymous_18)
FN:262,(anonymous_19)
FNF:20
FNH:13
FNDA:5,(anonymous_0)
FNDA:1,(anonymous_1)
FNDA:1,(anonymous_2)
FNDA:1,(anonymous_3)
FNDA:2,(anonymous_4)
FNDA:1,(anonymous_5)
FNDA:1,(anonymous_6)
FNDA:0,(anonymous_7)
FNDA:0,(anonymous_8)
FNDA:0,(anonymous_9)
FNDA:0,(anonymous_10)
FNDA:0,(anonymous_11)
FNDA:14,(anonymous_12)
FNDA:1,(anonymous_13)
FNDA:1,(anonymous_14)
FNDA:5,_aidedTraversal
FNDA:0,(anonymous_16)
FNDA:0,(anonymous_17)
FNDA:1,(anonymous_18)
FNDA:8,(anonymous_19)
DA:33,1
DA:39,5
DA:47,1
DA:56,1
DA:57,2
DA:60,1
DA:69,1
DA:70,2
DA:71,2
DA:72,2
DA:76,1
DA:85,2
DA:94,1
DA:96,1
DA:105,1
DA:107,1
DA:116,0
DA:118,0
DA:119,0
DA:121,0
DA:122,0
DA:123,0
DA:129,0
DA:132,0
DA:134,0
DA:135,0
DA:137,0
DA:138,0
DA:149,14
DA:160,1
DA:161,0
DA:164,1
DA:166,1
DA:167,4
DA:168,4
DA:170,4
DA:171,4
DA:181,1
DA:182,0
DA:185,1
DA:187,1
DA:190,5
DA:191,2
DA:194,3
DA:195,4
DA:196,4
DA:207,0
DA:208,0
DA:211,0
DA:215,0
DA:217,0
DA:218,0
DA:228,0
DA:229,0
DA:232,0
DA:236,0
DA:238,0
DA:239,0
DA:248,1
DA:250,1
DA:251,2
DA:252,2
DA:255,1
DA:263,8
DA:264,8
DA:267,8
DA:268,7
DA:269,2
DA:270,5
DA:271,3
DA:273,2
DA:277,1
LF:72
LH:46
BRDA:70,0,0,2
BRDA:70,0,1,0
BRDA:94,1,0,1
BRDA:94,1,1,1
BRDA:105,2,0,1
BRDA:105,2,1,1
BRDA:121,3,0,0
BRDA:121,3,1,0
BRDA:131,4,0,0
BRDA:149,5,0,14
BRDA:149,5,1,11
BRDA:149,5,2,6
BRDA:160,6,0,0
BRDA:160,6,1,1
BRDA:168,7,0,4
BRDA:168,7,1,4
BRDA:181,8,0,0
BRDA:181,8,1,1
BRDA:185,9,0,1
BRDA:185,9,1,1
BRDA:190,10,0,2
BRDA:190,10,1,3
BRDA:195,11,0,4
BRDA:195,11,1,4
BRDA:207,12,0,0
BRDA:207,12,1,0
BRDA:218,13,0,0
BRDA:218,13,1,0
BRDA:228,14,0,0
BRDA:228,14,1,0
BRDA:239,15,0,0
BRDA:239,15,1,0
BRDA:267,16,0,7
BRDA:267,16,1,1
BRDA:268,17,0,2
BRDA:268,17,1,5
BRDA:270,18,0,3
BRDA:270,18,1,2
BRDA:271,19,0,3
BRDA:271,19,1,1
BRDA:273,20,0,2
BRDA:273,20,1,1
BRF:42
BRH:28
end_of_record
TN:
SF:D:\frontend_related\practices\GitHubGoods\public\ts-utility-plugins\src\ddzy\utility\function\index.ts
FN:18,(anonymous_0)
FN:22,(anonymous_1)
FN:39,(anonymous_2)
FN:43,(anonymous_3)
FN:53,(anonymous_4)
FNF:5
FNH:5
FNDA:5,(anonymous_0)
FNDA:2,(anonymous_1)
FNDA:1,(anonymous_2)
FNDA:1,(anonymous_3)
FNDA:3,(anonymous_4)
DA:12,1
DA:19,5
DA:24,2
DA:26,2
DA:27,0
DA:29,0
DA:30,0
DA:31,0
DA:33,2
DA:34,2
DA:35,2
DA:40,1
DA:41,1
DA:43,1
DA:44,1
DA:54,3
DA:55,0
DA:58,3
DA:59,3
DA:60,3
DA:61,3
DA:63,3
DA:64,2
DA:65,2
DA:68,3
LF:25
LH:20
BRDA:26,0,0,0
BRDA:26,0,1,2
BRDA:54,1,0,0
BRDA:54,1,1,3
BRDA:63,2,0,2
BRDA:63,2,1,1
BRF:6
BRH:4
end_of_record
TN:
SF:D:\frontend_related\practices\GitHubGoods\public\ts-utility-plugins\src\ddzy\utility\number\index.ts
FN:14,(anonymous_0)
FN:23,(anonymous_1)
FN:31,(anonymous_2)
FNF:3
FNH:3
FNDA:59,(anonymous_0)
FNDA:3,(anonymous_1)
FNDA:5,(anonymous_2)
DA:7,2
DA:15,59
DA:24,3
DA:32,5
LF:4
LH:4
BRF:0
BRH:0
end_of_record
TN:
SF:D:\frontend_related\practices\GitHubGoods\public\ts-utility-plugins\src\ddzy\utility\object\index.ts
FN:11,(anonymous_0)
FNF:1
FNH:1
FNDA:130,(anonymous_0)
DA:6,4
DA:12,130
LF:2
LH:2
BRDA:12,0,0,130
BRDA:12,0,1,125
BRF:2
BRH:2
end_of_record
TN:
SF:D:\frontend_related\practices\GitHubGoods\public\ts-utility-plugins\src\ddzy\utility\others\index.ts
FN:23,(anonymous_0)
FN:35,(anonymous_1)
FN:38,(anonymous_2)
FN:47,(anonymous_3)
FN:60,(anonymous_4)
FN:68,(anonymous_5)
FN:77,(anonymous_6)
FN:80,_aidedDeepClone
FN:123,(anonymous_8)
FN:133,(anonymous_9)
FNF:10
FNH:10
FNDA:1,(anonymous_0)
FNDA:2,(anonymous_1)
FNDA:1,(anonymous_2)
FNDA:71,(anonymous_3)
FNDA:9,(anonymous_4)
FNDA:9,(anonymous_5)
FNDA:5,(anonymous_6)
FNDA:35,_aidedDeepClone
FNDA:4,(anonymous_8)
FNDA:9,(anonymous_9)
DA:17,3
DA:24,1
DA:25,0
DA:36,2
DA:38,2
DA:39,1
DA:48,71
DA:61,9
DA:69,9
DA:78,5
DA:81,35
DA:82,85
DA:85,85
DA:86,10
DA:87,10
DA:90,75
DA:91,15
DA:92,15
DA:94,35
DA:95,20
DA:96,20
DA:101,15
DA:106,60
DA:107,60
DA:113,35
DA:116,5
DA:124,4
DA:125,4
DA:126,4
DA:128,4
DA:130,4
DA:131,4
DA:132,4
DA:133,4
DA:134,9
DA:136,9
DA:141,4
LF:37
LH:36
BRDA:24,0,0,0
BRDA:24,0,1,1
BRDA:48,1,0,71
BRDA:48,1,1,34
BRDA:48,1,2,12
BRDA:48,1,3,11
BRDA:48,1,4,10
BRDA:48,1,5,5
BRDA:69,2,0,9
BRDA:69,2,1,8
BRDA:85,3,0,10
BRDA:85,3,1,75
BRDA:90,4,0,15
BRDA:90,4,1,60
BRDA:94,5,0,20
BRDA:94,5,1,15
BRDA:106,6,0,60
BRDA:106,6,1,0
BRDA:130,7,0,4
BRDA:130,7,1,0
BRDA:132,8,0,4
BRDA:132,8,1,0
BRF:22
BRH:18
end_of_record
TN:
SF:D:\frontend_related\practices\GitHubGoods\public\ts-utility-plugins\src\ddzy\utility\string\index.ts
FN:15,(anonymous_0)
FNF:1
FNH:1
FNDA:4,(anonymous_0)
DA:7,1
DA:16,4
DA:17,3
DA:18,3
DA:19,78
DA:21,3
DA:22,78
DA:24,3
DA:25,30
DA:27,3
DA:30,4
DA:34,4
DA:36,4
DA:37,4
DA:38,56
DA:41,4
LF:16
LH:16
BRDA:15,0,0,3
BRDA:15,1,0,3
BRDA:16,2,0,3
BRDA:16,2,1,1
BRDA:16,3,0,4
BRDA:16,3,1,2
BRDA:27,4,0,3
BRDA:27,4,1,2
BRF:8
BRH:8
end_of_record
