TN:
SF:D:\frontend_related\practices\GitHubGoods\public\ts-utility-plugins\src\ddzy\utility\algorithm\index.ts
FNF:0
FNH:0
DA:10,1
LF:1
LH:1
BRF:0
BRH:0
end_of_record
TN:
SF:D:\frontend_related\practices\GitHubGoods\public\ts-utility-plugins\src\ddzy\utility\algorithm\binary-search-tree\index.ts
FN:21,(anonymous_0)
FN:37,(anonymous_1)
FN:47,(anonymous_2)
FN:54,(anonymous_3)
FN:66,(anonymous_4)
FN:74,(anonymous_5)
FN:108,(anonymous_6)
FN:137,(anonymous_7)
FN:150,(anonymous_8)
FN:167,(anonymous_9)
FN:173,(anonymous_10)
FN:182,(anonymous_11)
FN:196,(anonymous_12)
FN:210,(anonymous_13)
FN:224,(anonymous_14)
FN:240,(anonymous_15)
FN:250,(anonymous_16)
FN:253,(anonymous_17)
FN:262,(anonymous_18)
FN:282,(anonymous_19)
FN:306,(anonymous_20)
FN:323,(anonymous_21)
FN:337,(anonymous_22)
FN:349,(anonymous_23)
FN:361,(anonymous_24)
FN:375,(anonymous_25)
FN:389,(anonymous_26)
FN:403,(anonymous_27)
FN:414,(anonymous_28)
FN:418,(anonymous_29)
FN:427,(anonymous_30)
FN:436,(anonymous_31)
FNF:32
FNH:31
FNDA:71,(anonymous_0)
FNDA:1,(anonymous_1)
FNDA:1,(anonymous_2)
FNDA:1,(anonymous_3)
FNDA:1,(anonymous_4)
FNDA:51,(anonymous_5)
FNDA:21,(anonymous_6)
FNDA:5,(anonymous_7)
FNDA:33,(anonymous_8)
FNDA:20,(anonymous_9)
FNDA:229,(anonymous_10)
FNDA:348,(anonymous_11)
FNDA:1,(anonymous_12)
FNDA:1,(anonymous_13)
FNDA:4,(anonymous_14)
FNDA:33,(anonymous_15)
FNDA:1,(anonymous_16)
FNDA:11,(anonymous_17)
FNDA:1,(anonymous_18)
FNDA:1,(anonymous_19)
FNDA:14,(anonymous_20)
FNDA:3,(anonymous_21)
FNDA:5,(anonymous_22)
FNDA:20,(anonymous_23)
FNDA:9,(anonymous_24)
FNDA:1,(anonymous_25)
FNDA:1,(anonymous_26)
FNDA:4,(anonymous_27)
FNDA:1,(anonymous_28)
FNDA:0,(anonymous_29)
FNDA:1,(anonymous_30)
FNDA:1,(anonymous_31)
DA:24,71
DA:25,38
DA:27,33
DA:33,1
DA:40,1
DA:43,1
DA:50,1
DA:51,1
DA:57,1
DA:58,1
DA:67,1
DA:69,1
DA:70,11
DA:78,51
DA:80,1
DA:83,50
DA:85,50
DA:87,50
DA:88,5
DA:89,4
DA:90,4
DA:93,1
DA:96,45
DA:97,45
DA:98,9
DA:99,9
DA:102,36
DA:112,21
DA:113,0
DA:116,21
DA:117,3
DA:118,3
DA:119,3
DA:120,3
DA:121,0
DA:123,3
DA:124,2
DA:128,21
DA:129,0
DA:131,21
DA:132,18
DA:141,5
DA:143,2
DA:147,3
DA:148,3
DA:150,3
DA:151,33
DA:152,3
DA:153,3
DA:154,9
DA:159,3
DA:162,0
DA:171,20
DA:173,20
DA:174,229
DA:175,17
DA:179,20
DA:186,348
DA:187,0
DA:190,348
DA:191,348
DA:192,348
DA:200,1
DA:201,0
DA:204,1
DA:205,1
DA:206,1
DA:214,1
DA:215,0
DA:218,1
DA:219,1
DA:220,1
DA:228,4
DA:230,1
DA:231,0
DA:234,1
DA:238,3
DA:240,3
DA:241,33
DA:242,3
DA:246,3
DA:251,1
DA:253,1
DA:254,11
DA:255,5
DA:259,1
DA:265,1
DA:266,1
DA:268,1
DA:269,1
DA:270,1
DA:271,1
DA:272,1
DA:275,1
DA:278,0
DA:285,1
DA:286,1
DA:288,1
DA:289,1
DA:290,5
DA:291,1
DA:292,1
DA:295,1
DA:298,0
DA:309,14
DA:310,14
DA:314,14
DA:316,14
DA:326,3
DA:328,3
DA:330,3
DA:340,5
DA:342,5
DA:352,20
DA:354,20
DA:364,9
DA:366,9
DA:368,9
DA:378,1
DA:380,1
DA:382,1
DA:392,1
DA:394,1
DA:396,1
DA:406,4
DA:408,4
DA:415,1
DA:419,0
DA:421,0
DA:428,1
DA:430,1
DA:437,1
DA:439,1
LF:133
LH:121
BRDA:24,0,0,38
BRDA:24,0,1,33
BRDA:78,1,0,1
BRDA:78,1,1,50
BRDA:83,2,0,50
BRDA:83,2,1,0
BRDA:83,3,0,50
BRDA:83,3,1,50
BRDA:87,4,0,5
BRDA:87,4,1,45
BRDA:88,5,0,4
BRDA:88,5,1,1
BRDA:96,6,0,45
BRDA:96,6,1,0
BRDA:97,7,0,9
BRDA:97,7,1,36
BRDA:112,8,0,0
BRDA:112,8,1,21
BRDA:116,9,0,3
BRDA:116,9,1,18
BRDA:117,10,0,3
BRDA:117,10,1,0
BRDA:120,11,0,0
BRDA:120,11,1,3
BRDA:123,12,0,2
BRDA:123,12,1,1
BRDA:128,13,0,0
BRDA:128,13,1,21
BRDA:131,14,0,18
BRDA:131,14,1,3
BRDA:141,15,0,2
BRDA:141,15,1,3
BRDA:147,16,0,3
BRDA:147,16,1,0
BRDA:151,17,0,3
BRDA:151,17,1,30
BRDA:174,18,0,17
BRDA:174,18,1,212
BRDA:186,19,0,0
BRDA:186,19,1,348
BRDA:191,20,0,348
BRDA:191,20,1,122
BRDA:192,21,0,348
BRDA:192,21,1,193
BRDA:200,22,0,0
BRDA:200,22,1,1
BRDA:204,23,0,1
BRDA:204,23,1,1
BRDA:206,24,0,1
BRDA:206,24,1,1
BRDA:214,25,0,0
BRDA:214,25,1,1
BRDA:218,26,0,1
BRDA:218,26,1,1
BRDA:219,27,0,1
BRDA:219,27,1,1
BRDA:228,28,0,1
BRDA:228,28,1,3
BRDA:230,29,0,0
BRDA:230,29,1,1
BRDA:241,30,0,3
BRDA:241,30,1,30
BRDA:254,31,0,5
BRDA:254,31,1,6
BRDA:254,32,0,11
BRDA:254,32,1,7
BRDA:268,33,0,1
BRDA:268,33,1,0
BRDA:270,34,0,1
BRDA:270,34,1,0
BRDA:270,35,0,1
BRDA:270,35,1,1
BRDA:288,36,0,1
BRDA:288,36,1,0
BRDA:290,37,0,1
BRDA:290,37,1,4
BRDA:290,38,0,5
BRDA:290,38,1,2
BRF:78
BRH:64
end_of_record
TN:
SF:D:\frontend_related\practices\GitHubGoods\public\ts-utility-plugins\src\ddzy\utility\algorithm\binary-search-tree\tree-node\index.ts
FN:10,(anonymous_0)
FNF:1
FNH:1
FNDA:14,(anonymous_0)
DA:13,14
DA:14,14
DA:15,14
DA:16,14
LF:4
LH:4
BRDA:14,0,0,0
BRDA:14,0,1,14
BRDA:15,1,0,0
BRDA:15,1,1,14
BRDA:16,2,0,0
BRDA:16,2,1,14
BRF:6
BRH:3
end_of_record
TN:
SF:D:\frontend_related\practices\GitHubGoods\public\ts-utility-plugins\src\ddzy\utility\array\index.ts
FN:12,(anonymous_0)
FN:21,(anonymous_1)
FN:24,_aidedToFlat
FNF:3
FNH:3
FNDA:98,(anonymous_0)
FNDA:1,(anonymous_1)
FNDA:4,_aidedToFlat
DA:7,5
DA:13,98
DA:22,1
DA:25,4
DA:26,13
DA:31,4
DA:34,1
LF:7
LH:7
BRDA:26,0,0,3
BRDA:26,0,1,10
BRF:2
BRH:2
end_of_record
TN:
SF:D:\frontend_related\practices\GitHubGoods\public\ts-utility-plugins\src\ddzy\utility\dom\index.ts
FN:38,(anonymous_0)
FN:46,(anonymous_1)
FN:55,(anonymous_2)
FN:68,(anonymous_3)
FN:84,(anonymous_4)
FN:93,(anonymous_5)
FN:104,(anonymous_6)
FN:115,(anonymous_7)
FN:118,(anonymous_8)
FN:128,(anonymous_9)
FN:134,(anonymous_10)
FN:137,(anonymous_11)
FN:148,(anonymous_12)
FN:159,(anonymous_13)
FN:180,(anonymous_14)
FN:189,_aidedTraversal
FN:206,(anonymous_16)
FN:227,(anonymous_17)
FN:247,(anonymous_18)
FN:262,(anonymous_19)
FNF:20
FNH:13
FNDA:5,(anonymous_0)
FNDA:1,(anonymous_1)
FNDA:1,(anonymous_2)
FNDA:1,(anonymous_3)
FNDA:2,(anonymous_4)
FNDA:1,(anonymous_5)
FNDA:1,(anonymous_6)
FNDA:0,(anonymous_7)
FNDA:0,(anonymous_8)
FNDA:0,(anonymous_9)
FNDA:0,(anonymous_10)
FNDA:0,(anonymous_11)
FNDA:14,(anonymous_12)
FNDA:1,(anonymous_13)
FNDA:1,(anonymous_14)
FNDA:5,_aidedTraversal
FNDA:0,(anonymous_16)
FNDA:0,(anonymous_17)
FNDA:1,(anonymous_18)
FNDA:8,(anonymous_19)
DA:33,1
DA:39,5
DA:47,1
DA:56,1
DA:57,2
DA:60,1
DA:69,1
DA:70,2
DA:71,2
DA:72,2
DA:76,1
DA:85,2
DA:94,1
DA:96,1
DA:105,1
DA:107,1
DA:116,0
DA:118,0
DA:119,0
DA:121,0
DA:122,0
DA:123,0
DA:129,0
DA:132,0
DA:134,0
DA:135,0
DA:137,0
DA:138,0
DA:149,14
DA:160,1
DA:161,0
DA:164,1
DA:166,1
DA:167,4
DA:168,4
DA:170,4
DA:171,4
DA:181,1
DA:182,0
DA:185,1
DA:187,1
DA:190,5
DA:191,2
DA:194,3
DA:195,4
DA:196,4
DA:207,0
DA:208,0
DA:211,0
DA:215,0
DA:217,0
DA:218,0
DA:228,0
DA:229,0
DA:232,0
DA:236,0
DA:238,0
DA:239,0
DA:248,1
DA:250,1
DA:251,2
DA:252,2
DA:255,1
DA:263,8
DA:264,8
DA:267,8
DA:268,7
DA:269,2
DA:270,5
DA:271,3
DA:273,2
DA:277,1
LF:72
LH:46
BRDA:70,0,0,2
BRDA:70,0,1,0
BRDA:94,1,0,1
BRDA:94,1,1,1
BRDA:105,2,0,1
BRDA:105,2,1,1
BRDA:121,3,0,0
BRDA:121,3,1,0
BRDA:131,4,0,0
BRDA:149,5,0,14
BRDA:149,5,1,11
BRDA:149,5,2,6
BRDA:160,6,0,0
BRDA:160,6,1,1
BRDA:168,7,0,4
BRDA:168,7,1,4
BRDA:181,8,0,0
BRDA:181,8,1,1
BRDA:185,9,0,1
BRDA:185,9,1,1
BRDA:190,10,0,2
BRDA:190,10,1,3
BRDA:195,11,0,4
BRDA:195,11,1,4
BRDA:207,12,0,0
BRDA:207,12,1,0
BRDA:218,13,0,0
BRDA:218,13,1,0
BRDA:228,14,0,0
BRDA:228,14,1,0
BRDA:239,15,0,0
BRDA:239,15,1,0
BRDA:267,16,0,7
BRDA:267,16,1,1
BRDA:268,17,0,2
BRDA:268,17,1,5
BRDA:270,18,0,3
BRDA:270,18,1,2
BRDA:271,19,0,3
BRDA:271,19,1,1
BRDA:273,20,0,2
BRDA:273,20,1,1
BRF:42
BRH:28
end_of_record
TN:
SF:D:\frontend_related\practices\GitHubGoods\public\ts-utility-plugins\src\ddzy\utility\function\index.ts
FN:18,(anonymous_0)
FN:22,(anonymous_1)
FN:39,(anonymous_2)
FN:43,(anonymous_3)
FN:53,(anonymous_4)
FNF:5
FNH:5
FNDA:5,(anonymous_0)
FNDA:2,(anonymous_1)
FNDA:1,(anonymous_2)
FNDA:1,(anonymous_3)
FNDA:3,(anonymous_4)
DA:12,1
DA:19,5
DA:24,2
DA:26,2
DA:27,0
DA:29,0
DA:30,0
DA:31,0
DA:33,2
DA:34,2
DA:35,2
DA:40,1
DA:41,1
DA:43,1
DA:44,1
DA:54,3
DA:55,0
DA:58,3
DA:59,3
DA:60,3
DA:61,3
DA:63,3
DA:64,2
DA:65,2
DA:68,3
LF:25
LH:20
BRDA:26,0,0,0
BRDA:26,0,1,2
BRDA:54,1,0,0
BRDA:54,1,1,3
BRDA:63,2,0,2
BRDA:63,2,1,1
BRF:6
BRH:4
end_of_record
TN:
SF:D:\frontend_related\practices\GitHubGoods\public\ts-utility-plugins\src\ddzy\utility\number\index.ts
FN:14,(anonymous_0)
FN:23,(anonymous_1)
FN:31,(anonymous_2)
FNF:3
FNH:3
FNDA:59,(anonymous_0)
FNDA:3,(anonymous_1)
FNDA:5,(anonymous_2)
DA:7,2
DA:15,59
DA:24,3
DA:32,5
LF:4
LH:4
BRF:0
BRH:0
end_of_record
TN:
SF:D:\frontend_related\practices\GitHubGoods\public\ts-utility-plugins\src\ddzy\utility\object\index.ts
FN:11,(anonymous_0)
FNF:1
FNH:1
FNDA:130,(anonymous_0)
DA:6,5
DA:12,130
LF:2
LH:2
BRDA:12,0,0,130
BRDA:12,0,1,125
BRF:2
BRH:2
end_of_record
TN:
SF:D:\frontend_related\practices\GitHubGoods\public\ts-utility-plugins\src\ddzy\utility\others\index.ts
FN:23,(anonymous_0)
FN:35,(anonymous_1)
FN:38,(anonymous_2)
FN:47,(anonymous_3)
FN:60,(anonymous_4)
FN:68,(anonymous_5)
FN:77,(anonymous_6)
FN:80,_aidedDeepClone
FN:123,(anonymous_8)
FN:133,(anonymous_9)
FNF:10
FNH:10
FNDA:1,(anonymous_0)
FNDA:2,(anonymous_1)
FNDA:1,(anonymous_2)
FNDA:71,(anonymous_3)
FNDA:18,(anonymous_4)
FNDA:9,(anonymous_5)
FNDA:5,(anonymous_6)
FNDA:35,_aidedDeepClone
FNDA:4,(anonymous_8)
FNDA:9,(anonymous_9)
DA:17,4
DA:24,1
DA:25,0
DA:36,2
DA:38,2
DA:39,1
DA:48,71
DA:61,18
DA:69,9
DA:78,5
DA:81,35
DA:82,85
DA:85,85
DA:86,10
DA:87,10
DA:90,75
DA:91,15
DA:92,15
DA:94,35
DA:95,20
DA:96,20
DA:101,15
DA:106,60
DA:107,60
DA:113,35
DA:116,5
DA:124,4
DA:125,4
DA:126,4
DA:128,4
DA:130,4
DA:131,4
DA:132,4
DA:133,4
DA:134,9
DA:136,9
DA:141,4
LF:37
LH:36
BRDA:24,0,0,0
BRDA:24,0,1,1
BRDA:48,1,0,71
BRDA:48,1,1,34
BRDA:48,1,2,12
BRDA:48,1,3,11
BRDA:48,1,4,10
BRDA:48,1,5,5
BRDA:69,2,0,9
BRDA:69,2,1,8
BRDA:85,3,0,10
BRDA:85,3,1,75
BRDA:90,4,0,15
BRDA:90,4,1,60
BRDA:94,5,0,20
BRDA:94,5,1,15
BRDA:106,6,0,60
BRDA:106,6,1,0
BRDA:130,7,0,4
BRDA:130,7,1,0
BRDA:132,8,0,4
BRDA:132,8,1,0
BRF:22
BRH:18
end_of_record
TN:
SF:D:\frontend_related\practices\GitHubGoods\public\ts-utility-plugins\src\ddzy\utility\string\index.ts
FN:15,(anonymous_0)
FNF:1
FNH:1
FNDA:4,(anonymous_0)
DA:7,1
DA:16,4
DA:17,3
DA:18,3
DA:19,78
DA:21,3
DA:22,78
DA:24,3
DA:25,30
DA:27,3
DA:30,4
DA:34,4
DA:36,4
DA:37,4
DA:38,56
DA:41,4
LF:16
LH:16
BRDA:15,0,0,3
BRDA:15,1,0,3
BRDA:16,2,0,3
BRDA:16,2,1,1
BRDA:16,3,0,4
BRDA:16,3,1,2
BRDA:27,4,0,3
BRDA:27,4,1,2
BRF:8
BRH:8
end_of_record
